<?xml version="1.0" encoding="UTF-8"?>
<testsuites tests="25" failures="0" disabled="0" errors="0" time="0.782" timestamp="2025-05-16T00:22:13.070" name="AllTests">
  <testsuite name="PropagatorsWithCoupling/PeriodicActionsTest" tests="25" failures="0" disabled="0" skipped="0" errors="0" time="0.775" timestamp="2025-05-16T00:22:13.076">
    <testcase name="PeriodicActionsAgreeWithReference/0" value_param="({ (&quot;comm-mode&quot;, &quot;linear&quot;), (&quot;integrator&quot;, &quot;md&quot;), (&quot;maxGromppWarningsTolerated&quot;, &quot;0&quot;), (&quot;nstcomm&quot;, &quot;5&quot;), (&quot;nstpcouple&quot;, &quot;3&quot;), (&quot;nsttcouple&quot;, &quot;2&quot;), (&quot;pcoupl&quot;, &quot;no&quot;), (&quot;simulationName&quot;, &quot;argon12&quot;), (&quot;tcoupl&quot;, &quot;no&quot;) }, 0x420660)" file="/home/yongsang/Research/PSID_server_room/GROMACS/gromacs-2025.2/src/programs/mdrun/tests/periodicactions.cpp" line="185" status="run" result="completed" time="0.039" timestamp="2025-05-16T00:22:13.076" classname="PropagatorsWithCoupling/PeriodicActionsTest" />
    <testcase name="PeriodicActionsAgreeWithReference/1" value_param="({ (&quot;comm-mode&quot;, &quot;linear&quot;), (&quot;integrator&quot;, &quot;md&quot;), (&quot;maxGromppWarningsTolerated&quot;, &quot;1&quot;), (&quot;nstcomm&quot;, &quot;5&quot;), (&quot;nstpcouple&quot;, &quot;3&quot;), (&quot;nsttcouple&quot;, &quot;2&quot;), (&quot;pcoupl&quot;, &quot;Berendsen&quot;), (&quot;simulationName&quot;, &quot;argon12&quot;), (&quot;tcoupl&quot;, &quot;no&quot;) }, 0x420660)" file="/home/yongsang/Research/PSID_server_room/GROMACS/gromacs-2025.2/src/programs/mdrun/tests/periodicactions.cpp" line="185" status="run" result="completed" time="0.029" timestamp="2025-05-16T00:22:13.116" classname="PropagatorsWithCoupling/PeriodicActionsTest" />
    <testcase name="PeriodicActionsAgreeWithReference/2" value_param="({ (&quot;comm-mode&quot;, &quot;linear&quot;), (&quot;integrator&quot;, &quot;md&quot;), (&quot;maxGromppWarningsTolerated&quot;, &quot;0&quot;), (&quot;nstcomm&quot;, &quot;5&quot;), (&quot;nstpcouple&quot;, &quot;3&quot;), (&quot;nsttcouple&quot;, &quot;2&quot;), (&quot;pcoupl&quot;, &quot;Parrinello-Rahman&quot;), (&quot;simulationName&quot;, &quot;argon12&quot;), (&quot;tcoupl&quot;, &quot;no&quot;) }, 0x420660)" file="/home/yongsang/Research/PSID_server_room/GROMACS/gromacs-2025.2/src/programs/mdrun/tests/periodicactions.cpp" line="185" status="run" result="completed" time="0.028" timestamp="2025-05-16T00:22:13.146" classname="PropagatorsWithCoupling/PeriodicActionsTest" />
    <testcase name="PeriodicActionsAgreeWithReference/3" value_param="({ (&quot;comm-mode&quot;, &quot;linear&quot;), (&quot;integrator&quot;, &quot;md&quot;), (&quot;maxGromppWarningsTolerated&quot;, &quot;0&quot;), (&quot;nstcomm&quot;, &quot;5&quot;), (&quot;nstpcouple&quot;, &quot;3&quot;), (&quot;nsttcouple&quot;, &quot;2&quot;), (&quot;pcoupl&quot;, &quot;C-rescale&quot;), (&quot;simulationName&quot;, &quot;argon12&quot;), (&quot;tcoupl&quot;, &quot;no&quot;) }, 0x420660)" file="/home/yongsang/Research/PSID_server_room/GROMACS/gromacs-2025.2/src/programs/mdrun/tests/periodicactions.cpp" line="185" status="run" result="completed" time="0.028" timestamp="2025-05-16T00:22:13.174" classname="PropagatorsWithCoupling/PeriodicActionsTest" />
    <testcase name="PeriodicActionsAgreeWithReference/4" value_param="({ (&quot;comm-mode&quot;, &quot;linear&quot;), (&quot;integrator&quot;, &quot;md&quot;), (&quot;maxGromppWarningsTolerated&quot;, &quot;0&quot;), (&quot;nstcomm&quot;, &quot;5&quot;), (&quot;nstpcouple&quot;, &quot;3&quot;), (&quot;nsttcouple&quot;, &quot;2&quot;), (&quot;pcoupl&quot;, &quot;no&quot;), (&quot;simulationName&quot;, &quot;argon12&quot;), (&quot;tcoupl&quot;, &quot;v-rescale&quot;) }, 0x420660)" file="/home/yongsang/Research/PSID_server_room/GROMACS/gromacs-2025.2/src/programs/mdrun/tests/periodicactions.cpp" line="185" status="run" result="completed" time="0.029" timestamp="2025-05-16T00:22:13.203" classname="PropagatorsWithCoupling/PeriodicActionsTest" />
    <testcase name="PeriodicActionsAgreeWithReference/5" value_param="({ (&quot;comm-mode&quot;, &quot;linear&quot;), (&quot;integrator&quot;, &quot;md&quot;), (&quot;maxGromppWarningsTolerated&quot;, &quot;1&quot;), (&quot;nstcomm&quot;, &quot;5&quot;), (&quot;nstpcouple&quot;, &quot;3&quot;), (&quot;nsttcouple&quot;, &quot;2&quot;), (&quot;pcoupl&quot;, &quot;Berendsen&quot;), (&quot;simulationName&quot;, &quot;argon12&quot;), (&quot;tcoupl&quot;, &quot;v-rescale&quot;) }, 0x420660)" file="/home/yongsang/Research/PSID_server_room/GROMACS/gromacs-2025.2/src/programs/mdrun/tests/periodicactions.cpp" line="185" status="run" result="completed" time="0.028" timestamp="2025-05-16T00:22:13.232" classname="PropagatorsWithCoupling/PeriodicActionsTest" />
    <testcase name="PeriodicActionsAgreeWithReference/6" value_param="({ (&quot;comm-mode&quot;, &quot;linear&quot;), (&quot;integrator&quot;, &quot;md&quot;), (&quot;maxGromppWarningsTolerated&quot;, &quot;0&quot;), (&quot;nstcomm&quot;, &quot;5&quot;), (&quot;nstpcouple&quot;, &quot;3&quot;), (&quot;nsttcouple&quot;, &quot;2&quot;), (&quot;pcoupl&quot;, &quot;Parrinello-Rahman&quot;), (&quot;simulationName&quot;, &quot;argon12&quot;), (&quot;tcoupl&quot;, &quot;v-rescale&quot;) }, 0x420660)" file="/home/yongsang/Research/PSID_server_room/GROMACS/gromacs-2025.2/src/programs/mdrun/tests/periodicactions.cpp" line="185" status="run" result="completed" time="0.028" timestamp="2025-05-16T00:22:13.261" classname="PropagatorsWithCoupling/PeriodicActionsTest" />
    <testcase name="PeriodicActionsAgreeWithReference/7" value_param="({ (&quot;comm-mode&quot;, &quot;linear&quot;), (&quot;integrator&quot;, &quot;md&quot;), (&quot;maxGromppWarningsTolerated&quot;, &quot;0&quot;), (&quot;nstcomm&quot;, &quot;5&quot;), (&quot;nstpcouple&quot;, &quot;3&quot;), (&quot;nsttcouple&quot;, &quot;2&quot;), (&quot;pcoupl&quot;, &quot;C-rescale&quot;), (&quot;simulationName&quot;, &quot;argon12&quot;), (&quot;tcoupl&quot;, &quot;v-rescale&quot;) }, 0x420660)" file="/home/yongsang/Research/PSID_server_room/GROMACS/gromacs-2025.2/src/programs/mdrun/tests/periodicactions.cpp" line="185" status="run" result="completed" time="0.029" timestamp="2025-05-16T00:22:13.290" classname="PropagatorsWithCoupling/PeriodicActionsTest" />
    <testcase name="PeriodicActionsAgreeWithReference/8" value_param="({ (&quot;comm-mode&quot;, &quot;linear&quot;), (&quot;integrator&quot;, &quot;md&quot;), (&quot;maxGromppWarningsTolerated&quot;, &quot;0&quot;), (&quot;nstcomm&quot;, &quot;5&quot;), (&quot;nstpcouple&quot;, &quot;3&quot;), (&quot;nsttcouple&quot;, &quot;2&quot;), (&quot;pcoupl&quot;, &quot;no&quot;), (&quot;simulationName&quot;, &quot;argon12&quot;), (&quot;tcoupl&quot;, &quot;Nose-Hoover&quot;) }, 0x420660)" file="/home/yongsang/Research/PSID_server_room/GROMACS/gromacs-2025.2/src/programs/mdrun/tests/periodicactions.cpp" line="185" status="run" result="completed" time="0.028" timestamp="2025-05-16T00:22:13.319" classname="PropagatorsWithCoupling/PeriodicActionsTest" />
    <testcase name="PeriodicActionsAgreeWithReference/9" value_param="({ (&quot;comm-mode&quot;, &quot;linear&quot;), (&quot;integrator&quot;, &quot;md&quot;), (&quot;maxGromppWarningsTolerated&quot;, &quot;1&quot;), (&quot;nstcomm&quot;, &quot;5&quot;), (&quot;nstpcouple&quot;, &quot;3&quot;), (&quot;nsttcouple&quot;, &quot;2&quot;), (&quot;pcoupl&quot;, &quot;Berendsen&quot;), (&quot;simulationName&quot;, &quot;argon12&quot;), (&quot;tcoupl&quot;, &quot;Nose-Hoover&quot;) }, 0x420660)" file="/home/yongsang/Research/PSID_server_room/GROMACS/gromacs-2025.2/src/programs/mdrun/tests/periodicactions.cpp" line="185" status="run" result="completed" time="0.028" timestamp="2025-05-16T00:22:13.348" classname="PropagatorsWithCoupling/PeriodicActionsTest" />
    <testcase name="PeriodicActionsAgreeWithReference/10" value_param="({ (&quot;comm-mode&quot;, &quot;linear&quot;), (&quot;integrator&quot;, &quot;md&quot;), (&quot;maxGromppWarningsTolerated&quot;, &quot;0&quot;), (&quot;nstcomm&quot;, &quot;5&quot;), (&quot;nstpcouple&quot;, &quot;3&quot;), (&quot;nsttcouple&quot;, &quot;2&quot;), (&quot;pcoupl&quot;, &quot;Parrinello-Rahman&quot;), (&quot;simulationName&quot;, &quot;argon12&quot;), (&quot;tcoupl&quot;, &quot;Nose-Hoover&quot;) }, 0x420660)" file="/home/yongsang/Research/PSID_server_room/GROMACS/gromacs-2025.2/src/programs/mdrun/tests/periodicactions.cpp" line="185" status="run" result="completed" time="0.028" timestamp="2025-05-16T00:22:13.377" classname="PropagatorsWithCoupling/PeriodicActionsTest" />
    <testcase name="PeriodicActionsAgreeWithReference/11" value_param="({ (&quot;comm-mode&quot;, &quot;linear&quot;), (&quot;integrator&quot;, &quot;md&quot;), (&quot;maxGromppWarningsTolerated&quot;, &quot;0&quot;), (&quot;nstcomm&quot;, &quot;5&quot;), (&quot;nstpcouple&quot;, &quot;3&quot;), (&quot;nsttcouple&quot;, &quot;2&quot;), (&quot;pcoupl&quot;, &quot;C-rescale&quot;), (&quot;simulationName&quot;, &quot;argon12&quot;), (&quot;tcoupl&quot;, &quot;Nose-Hoover&quot;) }, 0x420660)" file="/home/yongsang/Research/PSID_server_room/GROMACS/gromacs-2025.2/src/programs/mdrun/tests/periodicactions.cpp" line="185" status="run" result="completed" time="0.028" timestamp="2025-05-16T00:22:13.406" classname="PropagatorsWithCoupling/PeriodicActionsTest" />
    <testcase name="PeriodicActionsAgreeWithReference/12" value_param="({ (&quot;comm-mode&quot;, &quot;linear&quot;), (&quot;integrator&quot;, &quot;sd&quot;), (&quot;maxGromppWarningsTolerated&quot;, &quot;0&quot;), (&quot;nstcomm&quot;, &quot;5&quot;), (&quot;nstpcouple&quot;, &quot;3&quot;), (&quot;nsttcouple&quot;, &quot;2&quot;), (&quot;pcoupl&quot;, &quot;no&quot;), (&quot;simulationName&quot;, &quot;argon12&quot;), (&quot;tcoupl&quot;, &quot;no&quot;) }, 0x420660)" file="/home/yongsang/Research/PSID_server_room/GROMACS/gromacs-2025.2/src/programs/mdrun/tests/periodicactions.cpp" line="185" status="run" result="completed" time="0.029" timestamp="2025-05-16T00:22:13.435" classname="PropagatorsWithCoupling/PeriodicActionsTest" />
    <testcase name="PeriodicActionsAgreeWithReference/13" value_param="({ (&quot;comm-mode&quot;, &quot;linear&quot;), (&quot;integrator&quot;, &quot;sd&quot;), (&quot;maxGromppWarningsTolerated&quot;, &quot;1&quot;), (&quot;nstcomm&quot;, &quot;5&quot;), (&quot;nstpcouple&quot;, &quot;3&quot;), (&quot;nsttcouple&quot;, &quot;2&quot;), (&quot;pcoupl&quot;, &quot;Berendsen&quot;), (&quot;simulationName&quot;, &quot;argon12&quot;), (&quot;tcoupl&quot;, &quot;no&quot;) }, 0x420660)" file="/home/yongsang/Research/PSID_server_room/GROMACS/gromacs-2025.2/src/programs/mdrun/tests/periodicactions.cpp" line="185" status="run" result="completed" time="0.028" timestamp="2025-05-16T00:22:13.464" classname="PropagatorsWithCoupling/PeriodicActionsTest" />
    <testcase name="PeriodicActionsAgreeWithReference/14" value_param="({ (&quot;comm-mode&quot;, &quot;linear&quot;), (&quot;integrator&quot;, &quot;sd&quot;), (&quot;maxGromppWarningsTolerated&quot;, &quot;0&quot;), (&quot;nstcomm&quot;, &quot;5&quot;), (&quot;nstpcouple&quot;, &quot;3&quot;), (&quot;nsttcouple&quot;, &quot;2&quot;), (&quot;pcoupl&quot;, &quot;Parrinello-Rahman&quot;), (&quot;simulationName&quot;, &quot;argon12&quot;), (&quot;tcoupl&quot;, &quot;no&quot;) }, 0x420660)" file="/home/yongsang/Research/PSID_server_room/GROMACS/gromacs-2025.2/src/programs/mdrun/tests/periodicactions.cpp" line="185" status="run" result="completed" time="0.028" timestamp="2025-05-16T00:22:13.492" classname="PropagatorsWithCoupling/PeriodicActionsTest" />
    <testcase name="PeriodicActionsAgreeWithReference/15" value_param="({ (&quot;comm-mode&quot;, &quot;linear&quot;), (&quot;integrator&quot;, &quot;sd&quot;), (&quot;maxGromppWarningsTolerated&quot;, &quot;0&quot;), (&quot;nstcomm&quot;, &quot;5&quot;), (&quot;nstpcouple&quot;, &quot;3&quot;), (&quot;nsttcouple&quot;, &quot;2&quot;), (&quot;pcoupl&quot;, &quot;C-rescale&quot;), (&quot;simulationName&quot;, &quot;argon12&quot;), (&quot;tcoupl&quot;, &quot;no&quot;) }, 0x420660)" file="/home/yongsang/Research/PSID_server_room/GROMACS/gromacs-2025.2/src/programs/mdrun/tests/periodicactions.cpp" line="185" status="run" result="completed" time="0.029" timestamp="2025-05-16T00:22:13.521" classname="PropagatorsWithCoupling/PeriodicActionsTest" />
    <testcase name="PeriodicActionsAgreeWithReference/16" value_param="({ (&quot;comm-mode&quot;, &quot;linear&quot;), (&quot;integrator&quot;, &quot;md-vv&quot;), (&quot;maxGromppWarningsTolerated&quot;, &quot;0&quot;), (&quot;nstcomm&quot;, &quot;5&quot;), (&quot;nstpcouple&quot;, &quot;3&quot;), (&quot;nsttcouple&quot;, &quot;2&quot;), (&quot;pcoupl&quot;, &quot;no&quot;), (&quot;simulationName&quot;, &quot;argon12&quot;), (&quot;tcoupl&quot;, &quot;no&quot;) }, 0x420660)" file="/home/yongsang/Research/PSID_server_room/GROMACS/gromacs-2025.2/src/programs/mdrun/tests/periodicactions.cpp" line="185" status="run" result="completed" time="0.032" timestamp="2025-05-16T00:22:13.550" classname="PropagatorsWithCoupling/PeriodicActionsTest" />
    <testcase name="PeriodicActionsAgreeWithReference/17" value_param="({ (&quot;comm-mode&quot;, &quot;linear&quot;), (&quot;integrator&quot;, &quot;md-vv&quot;), (&quot;maxGromppWarningsTolerated&quot;, &quot;1&quot;), (&quot;nstcomm&quot;, &quot;5&quot;), (&quot;nstpcouple&quot;, &quot;3&quot;), (&quot;nsttcouple&quot;, &quot;2&quot;), (&quot;pcoupl&quot;, &quot;Berendsen&quot;), (&quot;simulationName&quot;, &quot;argon12&quot;), (&quot;tcoupl&quot;, &quot;no&quot;) }, 0x420660)" file="/home/yongsang/Research/PSID_server_room/GROMACS/gromacs-2025.2/src/programs/mdrun/tests/periodicactions.cpp" line="185" status="run" result="completed" time="0.033" timestamp="2025-05-16T00:22:13.583" classname="PropagatorsWithCoupling/PeriodicActionsTest" />
    <testcase name="PeriodicActionsAgreeWithReference/18" value_param="({ (&quot;comm-mode&quot;, &quot;linear&quot;), (&quot;integrator&quot;, &quot;md-vv&quot;), (&quot;maxGromppWarningsTolerated&quot;, &quot;0&quot;), (&quot;nstcomm&quot;, &quot;5&quot;), (&quot;nstpcouple&quot;, &quot;3&quot;), (&quot;nsttcouple&quot;, &quot;2&quot;), (&quot;pcoupl&quot;, &quot;C-rescale&quot;), (&quot;simulationName&quot;, &quot;argon12&quot;), (&quot;tcoupl&quot;, &quot;no&quot;) }, 0x420660)" file="/home/yongsang/Research/PSID_server_room/GROMACS/gromacs-2025.2/src/programs/mdrun/tests/periodicactions.cpp" line="185" status="run" result="completed" time="0.032" timestamp="2025-05-16T00:22:13.616" classname="PropagatorsWithCoupling/PeriodicActionsTest" />
    <testcase name="PeriodicActionsAgreeWithReference/19" value_param="({ (&quot;comm-mode&quot;, &quot;linear&quot;), (&quot;integrator&quot;, &quot;md-vv&quot;), (&quot;maxGromppWarningsTolerated&quot;, &quot;0&quot;), (&quot;nstcomm&quot;, &quot;5&quot;), (&quot;nstpcouple&quot;, &quot;3&quot;), (&quot;nsttcouple&quot;, &quot;2&quot;), (&quot;pcoupl&quot;, &quot;no&quot;), (&quot;simulationName&quot;, &quot;argon12&quot;), (&quot;tcoupl&quot;, &quot;v-rescale&quot;) }, 0x420660)" file="/home/yongsang/Research/PSID_server_room/GROMACS/gromacs-2025.2/src/programs/mdrun/tests/periodicactions.cpp" line="185" status="run" result="completed" time="0.032" timestamp="2025-05-16T00:22:13.649" classname="PropagatorsWithCoupling/PeriodicActionsTest" />
    <testcase name="PeriodicActionsAgreeWithReference/20" value_param="({ (&quot;comm-mode&quot;, &quot;linear&quot;), (&quot;integrator&quot;, &quot;md-vv&quot;), (&quot;maxGromppWarningsTolerated&quot;, &quot;1&quot;), (&quot;nstcomm&quot;, &quot;5&quot;), (&quot;nstpcouple&quot;, &quot;3&quot;), (&quot;nsttcouple&quot;, &quot;2&quot;), (&quot;pcoupl&quot;, &quot;Berendsen&quot;), (&quot;simulationName&quot;, &quot;argon12&quot;), (&quot;tcoupl&quot;, &quot;v-rescale&quot;) }, 0x420660)" file="/home/yongsang/Research/PSID_server_room/GROMACS/gromacs-2025.2/src/programs/mdrun/tests/periodicactions.cpp" line="185" status="run" result="completed" time="0.033" timestamp="2025-05-16T00:22:13.681" classname="PropagatorsWithCoupling/PeriodicActionsTest" />
    <testcase name="PeriodicActionsAgreeWithReference/21" value_param="({ (&quot;comm-mode&quot;, &quot;linear&quot;), (&quot;integrator&quot;, &quot;md-vv&quot;), (&quot;maxGromppWarningsTolerated&quot;, &quot;0&quot;), (&quot;nstcomm&quot;, &quot;5&quot;), (&quot;nstpcouple&quot;, &quot;3&quot;), (&quot;nsttcouple&quot;, &quot;2&quot;), (&quot;pcoupl&quot;, &quot;C-rescale&quot;), (&quot;simulationName&quot;, &quot;argon12&quot;), (&quot;tcoupl&quot;, &quot;v-rescale&quot;) }, 0x420660)" file="/home/yongsang/Research/PSID_server_room/GROMACS/gromacs-2025.2/src/programs/mdrun/tests/periodicactions.cpp" line="185" status="run" result="completed" time="0.032" timestamp="2025-05-16T00:22:13.715" classname="PropagatorsWithCoupling/PeriodicActionsTest" />
    <testcase name="PeriodicActionsAgreeWithReference/22" value_param="({ (&quot;comm-mode&quot;, &quot;linear&quot;), (&quot;integrator&quot;, &quot;md-vv&quot;), (&quot;maxGromppWarningsTolerated&quot;, &quot;0&quot;), (&quot;nstcomm&quot;, &quot;5&quot;), (&quot;nstpcouple&quot;, &quot;3&quot;), (&quot;nsttcouple&quot;, &quot;2&quot;), (&quot;pcoupl&quot;, &quot;no&quot;), (&quot;simulationName&quot;, &quot;argon12&quot;), (&quot;tcoupl&quot;, &quot;Nose-Hoover&quot;) }, 0x420660)" file="/home/yongsang/Research/PSID_server_room/GROMACS/gromacs-2025.2/src/programs/mdrun/tests/periodicactions.cpp" line="185" status="run" result="completed" time="0.032" timestamp="2025-05-16T00:22:13.747" classname="PropagatorsWithCoupling/PeriodicActionsTest" />
    <testcase name="PeriodicActionsAgreeWithReference/23" value_param="({ (&quot;comm-mode&quot;, &quot;linear&quot;), (&quot;integrator&quot;, &quot;md-vv&quot;), (&quot;maxGromppWarningsTolerated&quot;, &quot;0&quot;), (&quot;nstcomm&quot;, &quot;5&quot;), (&quot;nstpcouple&quot;, &quot;3&quot;), (&quot;nsttcouple&quot;, &quot;2&quot;), (&quot;pcoupl&quot;, &quot;MTTK&quot;), (&quot;simulationName&quot;, &quot;argon12&quot;), (&quot;tcoupl&quot;, &quot;Nose-Hoover&quot;) }, 0x420660)" file="/home/yongsang/Research/PSID_server_room/GROMACS/gromacs-2025.2/src/programs/mdrun/tests/periodicactions.cpp" line="185" status="run" result="completed" time="0.037" timestamp="2025-05-16T00:22:13.780" classname="PropagatorsWithCoupling/PeriodicActionsTest" />
    <testcase name="PeriodicActionsAgreeWithReference/24" value_param="({ (&quot;comm-mode&quot;, &quot;linear&quot;), (&quot;integrator&quot;, &quot;md-vv&quot;), (&quot;maxGromppWarningsTolerated&quot;, &quot;0&quot;), (&quot;nstcomm&quot;, &quot;5&quot;), (&quot;nstpcouple&quot;, &quot;3&quot;), (&quot;nsttcouple&quot;, &quot;2&quot;), (&quot;pcoupl&quot;, &quot;C-rescale&quot;), (&quot;simulationName&quot;, &quot;argon12&quot;), (&quot;tcoupl&quot;, &quot;Nose-Hoover&quot;) }, 0x420660)" file="/home/yongsang/Research/PSID_server_room/GROMACS/gromacs-2025.2/src/programs/mdrun/tests/periodicactions.cpp" line="185" status="run" result="completed" time="0.034" timestamp="2025-05-16T00:22:13.817" classname="PropagatorsWithCoupling/PeriodicActionsTest" />
  </testsuite>
</testsuites>
