<?xml version="1.0" encoding="UTF-8"?>
<testsuites tests="25" failures="0" disabled="0" errors="0" time="0.707" timestamp="2025-05-16T00:22:12.350" name="AllTests">
  <testsuite name="PropagatorsWithCoupling/PeriodicActionsTest" tests="25" failures="0" disabled="0" skipped="0" errors="0" time="0.704" timestamp="2025-05-16T00:22:12.354">
    <testcase name="PeriodicActionsAgreeWithReference/0" value_param="({ (&quot;comm-mode&quot;, &quot;linear&quot;), (&quot;integrator&quot;, &quot;md&quot;), (&quot;maxGromppWarningsTolerated&quot;, &quot;0&quot;), (&quot;nstcomm&quot;, &quot;5&quot;), (&quot;nstpcouple&quot;, &quot;3&quot;), (&quot;nsttcouple&quot;, &quot;2&quot;), (&quot;pcoupl&quot;, &quot;no&quot;), (&quot;simulationName&quot;, &quot;argon12&quot;), (&quot;tcoupl&quot;, &quot;no&quot;) }, 0x420660)" file="/home/yongsang/Research/PSID_server_room/GROMACS/gromacs-2025.2/src/programs/mdrun/tests/periodicactions.cpp" line="185" status="run" result="completed" time="0.029" timestamp="2025-05-16T00:22:12.354" classname="PropagatorsWithCoupling/PeriodicActionsTest" />
    <testcase name="PeriodicActionsAgreeWithReference/1" value_param="({ (&quot;comm-mode&quot;, &quot;linear&quot;), (&quot;integrator&quot;, &quot;md&quot;), (&quot;maxGromppWarningsTolerated&quot;, &quot;1&quot;), (&quot;nstcomm&quot;, &quot;5&quot;), (&quot;nstpcouple&quot;, &quot;3&quot;), (&quot;nsttcouple&quot;, &quot;2&quot;), (&quot;pcoupl&quot;, &quot;Berendsen&quot;), (&quot;simulationName&quot;, &quot;argon12&quot;), (&quot;tcoupl&quot;, &quot;no&quot;) }, 0x420660)" file="/home/yongsang/Research/PSID_server_room/GROMACS/gromacs-2025.2/src/programs/mdrun/tests/periodicactions.cpp" line="185" status="run" result="completed" time="0.025" timestamp="2025-05-16T00:22:12.383" classname="PropagatorsWithCoupling/PeriodicActionsTest" />
    <testcase name="PeriodicActionsAgreeWithReference/2" value_param="({ (&quot;comm-mode&quot;, &quot;linear&quot;), (&quot;integrator&quot;, &quot;md&quot;), (&quot;maxGromppWarningsTolerated&quot;, &quot;0&quot;), (&quot;nstcomm&quot;, &quot;5&quot;), (&quot;nstpcouple&quot;, &quot;3&quot;), (&quot;nsttcouple&quot;, &quot;2&quot;), (&quot;pcoupl&quot;, &quot;Parrinello-Rahman&quot;), (&quot;simulationName&quot;, &quot;argon12&quot;), (&quot;tcoupl&quot;, &quot;no&quot;) }, 0x420660)" file="/home/yongsang/Research/PSID_server_room/GROMACS/gromacs-2025.2/src/programs/mdrun/tests/periodicactions.cpp" line="185" status="run" result="completed" time="0.025" timestamp="2025-05-16T00:22:12.409" classname="PropagatorsWithCoupling/PeriodicActionsTest" />
    <testcase name="PeriodicActionsAgreeWithReference/3" value_param="({ (&quot;comm-mode&quot;, &quot;linear&quot;), (&quot;integrator&quot;, &quot;md&quot;), (&quot;maxGromppWarningsTolerated&quot;, &quot;0&quot;), (&quot;nstcomm&quot;, &quot;5&quot;), (&quot;nstpcouple&quot;, &quot;3&quot;), (&quot;nsttcouple&quot;, &quot;2&quot;), (&quot;pcoupl&quot;, &quot;C-rescale&quot;), (&quot;simulationName&quot;, &quot;argon12&quot;), (&quot;tcoupl&quot;, &quot;no&quot;) }, 0x420660)" file="/home/yongsang/Research/PSID_server_room/GROMACS/gromacs-2025.2/src/programs/mdrun/tests/periodicactions.cpp" line="185" status="run" result="completed" time="0.026" timestamp="2025-05-16T00:22:12.435" classname="PropagatorsWithCoupling/PeriodicActionsTest" />
    <testcase name="PeriodicActionsAgreeWithReference/4" value_param="({ (&quot;comm-mode&quot;, &quot;linear&quot;), (&quot;integrator&quot;, &quot;md&quot;), (&quot;maxGromppWarningsTolerated&quot;, &quot;0&quot;), (&quot;nstcomm&quot;, &quot;5&quot;), (&quot;nstpcouple&quot;, &quot;3&quot;), (&quot;nsttcouple&quot;, &quot;2&quot;), (&quot;pcoupl&quot;, &quot;no&quot;), (&quot;simulationName&quot;, &quot;argon12&quot;), (&quot;tcoupl&quot;, &quot;v-rescale&quot;) }, 0x420660)" file="/home/yongsang/Research/PSID_server_room/GROMACS/gromacs-2025.2/src/programs/mdrun/tests/periodicactions.cpp" line="185" status="run" result="completed" time="0.027" timestamp="2025-05-16T00:22:12.462" classname="PropagatorsWithCoupling/PeriodicActionsTest" />
    <testcase name="PeriodicActionsAgreeWithReference/5" value_param="({ (&quot;comm-mode&quot;, &quot;linear&quot;), (&quot;integrator&quot;, &quot;md&quot;), (&quot;maxGromppWarningsTolerated&quot;, &quot;1&quot;), (&quot;nstcomm&quot;, &quot;5&quot;), (&quot;nstpcouple&quot;, &quot;3&quot;), (&quot;nsttcouple&quot;, &quot;2&quot;), (&quot;pcoupl&quot;, &quot;Berendsen&quot;), (&quot;simulationName&quot;, &quot;argon12&quot;), (&quot;tcoupl&quot;, &quot;v-rescale&quot;) }, 0x420660)" file="/home/yongsang/Research/PSID_server_room/GROMACS/gromacs-2025.2/src/programs/mdrun/tests/periodicactions.cpp" line="185" status="run" result="completed" time="0.027" timestamp="2025-05-16T00:22:12.489" classname="PropagatorsWithCoupling/PeriodicActionsTest" />
    <testcase name="PeriodicActionsAgreeWithReference/6" value_param="({ (&quot;comm-mode&quot;, &quot;linear&quot;), (&quot;integrator&quot;, &quot;md&quot;), (&quot;maxGromppWarningsTolerated&quot;, &quot;0&quot;), (&quot;nstcomm&quot;, &quot;5&quot;), (&quot;nstpcouple&quot;, &quot;3&quot;), (&quot;nsttcouple&quot;, &quot;2&quot;), (&quot;pcoupl&quot;, &quot;Parrinello-Rahman&quot;), (&quot;simulationName&quot;, &quot;argon12&quot;), (&quot;tcoupl&quot;, &quot;v-rescale&quot;) }, 0x420660)" file="/home/yongsang/Research/PSID_server_room/GROMACS/gromacs-2025.2/src/programs/mdrun/tests/periodicactions.cpp" line="185" status="run" result="completed" time="0.025" timestamp="2025-05-16T00:22:12.516" classname="PropagatorsWithCoupling/PeriodicActionsTest" />
    <testcase name="PeriodicActionsAgreeWithReference/7" value_param="({ (&quot;comm-mode&quot;, &quot;linear&quot;), (&quot;integrator&quot;, &quot;md&quot;), (&quot;maxGromppWarningsTolerated&quot;, &quot;0&quot;), (&quot;nstcomm&quot;, &quot;5&quot;), (&quot;nstpcouple&quot;, &quot;3&quot;), (&quot;nsttcouple&quot;, &quot;2&quot;), (&quot;pcoupl&quot;, &quot;C-rescale&quot;), (&quot;simulationName&quot;, &quot;argon12&quot;), (&quot;tcoupl&quot;, &quot;v-rescale&quot;) }, 0x420660)" file="/home/yongsang/Research/PSID_server_room/GROMACS/gromacs-2025.2/src/programs/mdrun/tests/periodicactions.cpp" line="185" status="run" result="completed" time="0.026" timestamp="2025-05-16T00:22:12.542" classname="PropagatorsWithCoupling/PeriodicActionsTest" />
    <testcase name="PeriodicActionsAgreeWithReference/8" value_param="({ (&quot;comm-mode&quot;, &quot;linear&quot;), (&quot;integrator&quot;, &quot;md&quot;), (&quot;maxGromppWarningsTolerated&quot;, &quot;0&quot;), (&quot;nstcomm&quot;, &quot;5&quot;), (&quot;nstpcouple&quot;, &quot;3&quot;), (&quot;nsttcouple&quot;, &quot;2&quot;), (&quot;pcoupl&quot;, &quot;no&quot;), (&quot;simulationName&quot;, &quot;argon12&quot;), (&quot;tcoupl&quot;, &quot;Nose-Hoover&quot;) }, 0x420660)" file="/home/yongsang/Research/PSID_server_room/GROMACS/gromacs-2025.2/src/programs/mdrun/tests/periodicactions.cpp" line="185" status="run" result="completed" time="0.026" timestamp="2025-05-16T00:22:12.569" classname="PropagatorsWithCoupling/PeriodicActionsTest" />
    <testcase name="PeriodicActionsAgreeWithReference/9" value_param="({ (&quot;comm-mode&quot;, &quot;linear&quot;), (&quot;integrator&quot;, &quot;md&quot;), (&quot;maxGromppWarningsTolerated&quot;, &quot;1&quot;), (&quot;nstcomm&quot;, &quot;5&quot;), (&quot;nstpcouple&quot;, &quot;3&quot;), (&quot;nsttcouple&quot;, &quot;2&quot;), (&quot;pcoupl&quot;, &quot;Berendsen&quot;), (&quot;simulationName&quot;, &quot;argon12&quot;), (&quot;tcoupl&quot;, &quot;Nose-Hoover&quot;) }, 0x420660)" file="/home/yongsang/Research/PSID_server_room/GROMACS/gromacs-2025.2/src/programs/mdrun/tests/periodicactions.cpp" line="185" status="run" result="completed" time="0.026" timestamp="2025-05-16T00:22:12.596" classname="PropagatorsWithCoupling/PeriodicActionsTest" />
    <testcase name="PeriodicActionsAgreeWithReference/10" value_param="({ (&quot;comm-mode&quot;, &quot;linear&quot;), (&quot;integrator&quot;, &quot;md&quot;), (&quot;maxGromppWarningsTolerated&quot;, &quot;0&quot;), (&quot;nstcomm&quot;, &quot;5&quot;), (&quot;nstpcouple&quot;, &quot;3&quot;), (&quot;nsttcouple&quot;, &quot;2&quot;), (&quot;pcoupl&quot;, &quot;Parrinello-Rahman&quot;), (&quot;simulationName&quot;, &quot;argon12&quot;), (&quot;tcoupl&quot;, &quot;Nose-Hoover&quot;) }, 0x420660)" file="/home/yongsang/Research/PSID_server_room/GROMACS/gromacs-2025.2/src/programs/mdrun/tests/periodicactions.cpp" line="185" status="run" result="completed" time="0.027" timestamp="2025-05-16T00:22:12.623" classname="PropagatorsWithCoupling/PeriodicActionsTest" />
    <testcase name="PeriodicActionsAgreeWithReference/11" value_param="({ (&quot;comm-mode&quot;, &quot;linear&quot;), (&quot;integrator&quot;, &quot;md&quot;), (&quot;maxGromppWarningsTolerated&quot;, &quot;0&quot;), (&quot;nstcomm&quot;, &quot;5&quot;), (&quot;nstpcouple&quot;, &quot;3&quot;), (&quot;nsttcouple&quot;, &quot;2&quot;), (&quot;pcoupl&quot;, &quot;C-rescale&quot;), (&quot;simulationName&quot;, &quot;argon12&quot;), (&quot;tcoupl&quot;, &quot;Nose-Hoover&quot;) }, 0x420660)" file="/home/yongsang/Research/PSID_server_room/GROMACS/gromacs-2025.2/src/programs/mdrun/tests/periodicactions.cpp" line="185" status="run" result="completed" time="0.027" timestamp="2025-05-16T00:22:12.650" classname="PropagatorsWithCoupling/PeriodicActionsTest" />
    <testcase name="PeriodicActionsAgreeWithReference/12" value_param="({ (&quot;comm-mode&quot;, &quot;linear&quot;), (&quot;integrator&quot;, &quot;sd&quot;), (&quot;maxGromppWarningsTolerated&quot;, &quot;0&quot;), (&quot;nstcomm&quot;, &quot;5&quot;), (&quot;nstpcouple&quot;, &quot;3&quot;), (&quot;nsttcouple&quot;, &quot;2&quot;), (&quot;pcoupl&quot;, &quot;no&quot;), (&quot;simulationName&quot;, &quot;argon12&quot;), (&quot;tcoupl&quot;, &quot;no&quot;) }, 0x420660)" file="/home/yongsang/Research/PSID_server_room/GROMACS/gromacs-2025.2/src/programs/mdrun/tests/periodicactions.cpp" line="185" status="run" result="completed" time="0.025" timestamp="2025-05-16T00:22:12.678" classname="PropagatorsWithCoupling/PeriodicActionsTest" />
    <testcase name="PeriodicActionsAgreeWithReference/13" value_param="({ (&quot;comm-mode&quot;, &quot;linear&quot;), (&quot;integrator&quot;, &quot;sd&quot;), (&quot;maxGromppWarningsTolerated&quot;, &quot;1&quot;), (&quot;nstcomm&quot;, &quot;5&quot;), (&quot;nstpcouple&quot;, &quot;3&quot;), (&quot;nsttcouple&quot;, &quot;2&quot;), (&quot;pcoupl&quot;, &quot;Berendsen&quot;), (&quot;simulationName&quot;, &quot;argon12&quot;), (&quot;tcoupl&quot;, &quot;no&quot;) }, 0x420660)" file="/home/yongsang/Research/PSID_server_room/GROMACS/gromacs-2025.2/src/programs/mdrun/tests/periodicactions.cpp" line="185" status="run" result="completed" time="0.026" timestamp="2025-05-16T00:22:12.704" classname="PropagatorsWithCoupling/PeriodicActionsTest" />
    <testcase name="PeriodicActionsAgreeWithReference/14" value_param="({ (&quot;comm-mode&quot;, &quot;linear&quot;), (&quot;integrator&quot;, &quot;sd&quot;), (&quot;maxGromppWarningsTolerated&quot;, &quot;0&quot;), (&quot;nstcomm&quot;, &quot;5&quot;), (&quot;nstpcouple&quot;, &quot;3&quot;), (&quot;nsttcouple&quot;, &quot;2&quot;), (&quot;pcoupl&quot;, &quot;Parrinello-Rahman&quot;), (&quot;simulationName&quot;, &quot;argon12&quot;), (&quot;tcoupl&quot;, &quot;no&quot;) }, 0x420660)" file="/home/yongsang/Research/PSID_server_room/GROMACS/gromacs-2025.2/src/programs/mdrun/tests/periodicactions.cpp" line="185" status="run" result="completed" time="0.026" timestamp="2025-05-16T00:22:12.730" classname="PropagatorsWithCoupling/PeriodicActionsTest" />
    <testcase name="PeriodicActionsAgreeWithReference/15" value_param="({ (&quot;comm-mode&quot;, &quot;linear&quot;), (&quot;integrator&quot;, &quot;sd&quot;), (&quot;maxGromppWarningsTolerated&quot;, &quot;0&quot;), (&quot;nstcomm&quot;, &quot;5&quot;), (&quot;nstpcouple&quot;, &quot;3&quot;), (&quot;nsttcouple&quot;, &quot;2&quot;), (&quot;pcoupl&quot;, &quot;C-rescale&quot;), (&quot;simulationName&quot;, &quot;argon12&quot;), (&quot;tcoupl&quot;, &quot;no&quot;) }, 0x420660)" file="/home/yongsang/Research/PSID_server_room/GROMACS/gromacs-2025.2/src/programs/mdrun/tests/periodicactions.cpp" line="185" status="run" result="completed" time="0.027" timestamp="2025-05-16T00:22:12.757" classname="PropagatorsWithCoupling/PeriodicActionsTest" />
    <testcase name="PeriodicActionsAgreeWithReference/16" value_param="({ (&quot;comm-mode&quot;, &quot;linear&quot;), (&quot;integrator&quot;, &quot;md-vv&quot;), (&quot;maxGromppWarningsTolerated&quot;, &quot;0&quot;), (&quot;nstcomm&quot;, &quot;5&quot;), (&quot;nstpcouple&quot;, &quot;3&quot;), (&quot;nsttcouple&quot;, &quot;2&quot;), (&quot;pcoupl&quot;, &quot;no&quot;), (&quot;simulationName&quot;, &quot;argon12&quot;), (&quot;tcoupl&quot;, &quot;no&quot;) }, 0x420660)" file="/home/yongsang/Research/PSID_server_room/GROMACS/gromacs-2025.2/src/programs/mdrun/tests/periodicactions.cpp" line="185" status="run" result="completed" time="0.028" timestamp="2025-05-16T00:22:12.784" classname="PropagatorsWithCoupling/PeriodicActionsTest" />
    <testcase name="PeriodicActionsAgreeWithReference/17" value_param="({ (&quot;comm-mode&quot;, &quot;linear&quot;), (&quot;integrator&quot;, &quot;md-vv&quot;), (&quot;maxGromppWarningsTolerated&quot;, &quot;1&quot;), (&quot;nstcomm&quot;, &quot;5&quot;), (&quot;nstpcouple&quot;, &quot;3&quot;), (&quot;nsttcouple&quot;, &quot;2&quot;), (&quot;pcoupl&quot;, &quot;Berendsen&quot;), (&quot;simulationName&quot;, &quot;argon12&quot;), (&quot;tcoupl&quot;, &quot;no&quot;) }, 0x420660)" file="/home/yongsang/Research/PSID_server_room/GROMACS/gromacs-2025.2/src/programs/mdrun/tests/periodicactions.cpp" line="185" status="run" result="completed" time="0.029" timestamp="2025-05-16T00:22:12.812" classname="PropagatorsWithCoupling/PeriodicActionsTest" />
    <testcase name="PeriodicActionsAgreeWithReference/18" value_param="({ (&quot;comm-mode&quot;, &quot;linear&quot;), (&quot;integrator&quot;, &quot;md-vv&quot;), (&quot;maxGromppWarningsTolerated&quot;, &quot;0&quot;), (&quot;nstcomm&quot;, &quot;5&quot;), (&quot;nstpcouple&quot;, &quot;3&quot;), (&quot;nsttcouple&quot;, &quot;2&quot;), (&quot;pcoupl&quot;, &quot;C-rescale&quot;), (&quot;simulationName&quot;, &quot;argon12&quot;), (&quot;tcoupl&quot;, &quot;no&quot;) }, 0x420660)" file="/home/yongsang/Research/PSID_server_room/GROMACS/gromacs-2025.2/src/programs/mdrun/tests/periodicactions.cpp" line="185" status="run" result="completed" time="0.03" timestamp="2025-05-16T00:22:12.842" classname="PropagatorsWithCoupling/PeriodicActionsTest" />
    <testcase name="PeriodicActionsAgreeWithReference/19" value_param="({ (&quot;comm-mode&quot;, &quot;linear&quot;), (&quot;integrator&quot;, &quot;md-vv&quot;), (&quot;maxGromppWarningsTolerated&quot;, &quot;0&quot;), (&quot;nstcomm&quot;, &quot;5&quot;), (&quot;nstpcouple&quot;, &quot;3&quot;), (&quot;nsttcouple&quot;, &quot;2&quot;), (&quot;pcoupl&quot;, &quot;no&quot;), (&quot;simulationName&quot;, &quot;argon12&quot;), (&quot;tcoupl&quot;, &quot;v-rescale&quot;) }, 0x420660)" file="/home/yongsang/Research/PSID_server_room/GROMACS/gromacs-2025.2/src/programs/mdrun/tests/periodicactions.cpp" line="185" status="run" result="completed" time="0.028" timestamp="2025-05-16T00:22:12.873" classname="PropagatorsWithCoupling/PeriodicActionsTest" />
    <testcase name="PeriodicActionsAgreeWithReference/20" value_param="({ (&quot;comm-mode&quot;, &quot;linear&quot;), (&quot;integrator&quot;, &quot;md-vv&quot;), (&quot;maxGromppWarningsTolerated&quot;, &quot;1&quot;), (&quot;nstcomm&quot;, &quot;5&quot;), (&quot;nstpcouple&quot;, &quot;3&quot;), (&quot;nsttcouple&quot;, &quot;2&quot;), (&quot;pcoupl&quot;, &quot;Berendsen&quot;), (&quot;simulationName&quot;, &quot;argon12&quot;), (&quot;tcoupl&quot;, &quot;v-rescale&quot;) }, 0x420660)" file="/home/yongsang/Research/PSID_server_room/GROMACS/gromacs-2025.2/src/programs/mdrun/tests/periodicactions.cpp" line="185" status="run" result="completed" time="0.031" timestamp="2025-05-16T00:22:12.901" classname="PropagatorsWithCoupling/PeriodicActionsTest" />
    <testcase name="PeriodicActionsAgreeWithReference/21" value_param="({ (&quot;comm-mode&quot;, &quot;linear&quot;), (&quot;integrator&quot;, &quot;md-vv&quot;), (&quot;maxGromppWarningsTolerated&quot;, &quot;0&quot;), (&quot;nstcomm&quot;, &quot;5&quot;), (&quot;nstpcouple&quot;, &quot;3&quot;), (&quot;nsttcouple&quot;, &quot;2&quot;), (&quot;pcoupl&quot;, &quot;C-rescale&quot;), (&quot;simulationName&quot;, &quot;argon12&quot;), (&quot;tcoupl&quot;, &quot;v-rescale&quot;) }, 0x420660)" file="/home/yongsang/Research/PSID_server_room/GROMACS/gromacs-2025.2/src/programs/mdrun/tests/periodicactions.cpp" line="185" status="run" result="completed" time="0.029" timestamp="2025-05-16T00:22:12.932" classname="PropagatorsWithCoupling/PeriodicActionsTest" />
    <testcase name="PeriodicActionsAgreeWithReference/22" value_param="({ (&quot;comm-mode&quot;, &quot;linear&quot;), (&quot;integrator&quot;, &quot;md-vv&quot;), (&quot;maxGromppWarningsTolerated&quot;, &quot;0&quot;), (&quot;nstcomm&quot;, &quot;5&quot;), (&quot;nstpcouple&quot;, &quot;3&quot;), (&quot;nsttcouple&quot;, &quot;2&quot;), (&quot;pcoupl&quot;, &quot;no&quot;), (&quot;simulationName&quot;, &quot;argon12&quot;), (&quot;tcoupl&quot;, &quot;Nose-Hoover&quot;) }, 0x420660)" file="/home/yongsang/Research/PSID_server_room/GROMACS/gromacs-2025.2/src/programs/mdrun/tests/periodicactions.cpp" line="185" status="run" result="completed" time="0.032" timestamp="2025-05-16T00:22:12.962" classname="PropagatorsWithCoupling/PeriodicActionsTest" />
    <testcase name="PeriodicActionsAgreeWithReference/23" value_param="({ (&quot;comm-mode&quot;, &quot;linear&quot;), (&quot;integrator&quot;, &quot;md-vv&quot;), (&quot;maxGromppWarningsTolerated&quot;, &quot;0&quot;), (&quot;nstcomm&quot;, &quot;5&quot;), (&quot;nstpcouple&quot;, &quot;3&quot;), (&quot;nsttcouple&quot;, &quot;2&quot;), (&quot;pcoupl&quot;, &quot;MTTK&quot;), (&quot;simulationName&quot;, &quot;argon12&quot;), (&quot;tcoupl&quot;, &quot;Nose-Hoover&quot;) }, 0x420660)" file="/home/yongsang/Research/PSID_server_room/GROMACS/gromacs-2025.2/src/programs/mdrun/tests/periodicactions.cpp" line="185" status="run" result="completed" time="0.032" timestamp="2025-05-16T00:22:12.995" classname="PropagatorsWithCoupling/PeriodicActionsTest" />
    <testcase name="PeriodicActionsAgreeWithReference/24" value_param="({ (&quot;comm-mode&quot;, &quot;linear&quot;), (&quot;integrator&quot;, &quot;md-vv&quot;), (&quot;maxGromppWarningsTolerated&quot;, &quot;0&quot;), (&quot;nstcomm&quot;, &quot;5&quot;), (&quot;nstpcouple&quot;, &quot;3&quot;), (&quot;nsttcouple&quot;, &quot;2&quot;), (&quot;pcoupl&quot;, &quot;C-rescale&quot;), (&quot;simulationName&quot;, &quot;argon12&quot;), (&quot;tcoupl&quot;, &quot;Nose-Hoover&quot;) }, 0x420660)" file="/home/yongsang/Research/PSID_server_room/GROMACS/gromacs-2025.2/src/programs/mdrun/tests/periodicactions.cpp" line="185" status="run" result="completed" time="0.031" timestamp="2025-05-16T00:22:13.027" classname="PropagatorsWithCoupling/PeriodicActionsTest" />
  </testsuite>
</testsuites>
