<?xml version="1.0" encoding="UTF-8"?>
<testsuites tests="201" failures="0" disabled="0" errors="0" time="0.077" timestamp="2025-05-16T00:22:02.836" name="AllTests">
  <testsuite name="IndexGroupTest" tests="1" failures="0" disabled="0" skipped="0" errors="0" time="0" timestamp="2025-05-16T00:22:02.836">
    <testcase name="RemovesDuplicates" file="/home/yongsang/Research/PSID_server_room/GROMACS/gromacs-2025.2/src/gromacs/selection/tests/indexutil.cpp" line="81" status="run" result="completed" time="0" timestamp="2025-05-16T00:22:02.836" classname="IndexGroupTest" />
  </testsuite>
  <testsuite name="IndexBlockTest" tests="15" failures="0" disabled="0" skipped="0" errors="0" time="0" timestamp="2025-05-16T00:22:02.836">
    <testcase name="CreatesUnknownBlock" file="/home/yongsang/Research/PSID_server_room/GROMACS/gromacs-2025.2/src/gromacs/selection/tests/indexutil.cpp" line="214" status="run" result="completed" time="0" timestamp="2025-05-16T00:22:02.836" classname="IndexBlockTest" />
    <testcase name="CreatesAtomBlock" file="/home/yongsang/Research/PSID_server_room/GROMACS/gromacs-2025.2/src/gromacs/selection/tests/indexutil.cpp" line="223" status="run" result="completed" time="0" timestamp="2025-05-16T00:22:02.836" classname="IndexBlockTest" />
    <testcase name="CreatesResidueBlocksForSimpleTopology" file="/home/yongsang/Research/PSID_server_room/GROMACS/gromacs-2025.2/src/gromacs/selection/tests/indexutil.cpp" line="234" status="run" result="completed" time="0" timestamp="2025-05-16T00:22:02.836" classname="IndexBlockTest" />
    <testcase name="CreatesResidueBlocksForComplexTopology" file="/home/yongsang/Research/PSID_server_room/GROMACS/gromacs-2025.2/src/gromacs/selection/tests/indexutil.cpp" line="247" status="run" result="completed" time="0" timestamp="2025-05-16T00:22:02.836" classname="IndexBlockTest" />
    <testcase name="CreatesMoleculeBlocksForSimpleTopology" file="/home/yongsang/Research/PSID_server_room/GROMACS/gromacs-2025.2/src/gromacs/selection/tests/indexutil.cpp" line="273" status="run" result="completed" time="0" timestamp="2025-05-16T00:22:02.837" classname="IndexBlockTest" />
    <testcase name="CreatesMoleculeBlocksForComplexTopology" file="/home/yongsang/Research/PSID_server_room/GROMACS/gromacs-2025.2/src/gromacs/selection/tests/indexutil.cpp" line="286" status="run" result="completed" time="0" timestamp="2025-05-16T00:22:02.837" classname="IndexBlockTest" />
    <testcase name="CreatesSingleBlock" file="/home/yongsang/Research/PSID_server_room/GROMACS/gromacs-2025.2/src/gromacs/selection/tests/indexutil.cpp" line="312" status="run" result="completed" time="0" timestamp="2025-05-16T00:22:02.837" classname="IndexBlockTest" />
    <testcase name="ChecksGroupForFullBlocksPositive" file="/home/yongsang/Research/PSID_server_room/GROMACS/gromacs-2025.2/src/gromacs/selection/tests/indexutil.cpp" line="327" status="run" result="completed" time="0" timestamp="2025-05-16T00:22:02.837" classname="IndexBlockTest" />
    <testcase name="ChecksOutOfOrderGroupForFullBlocksPositive" file="/home/yongsang/Research/PSID_server_room/GROMACS/gromacs-2025.2/src/gromacs/selection/tests/indexutil.cpp" line="339" status="run" result="completed" time="0" timestamp="2025-05-16T00:22:02.837" classname="IndexBlockTest" />
    <testcase name="ChecksGroupForFullBlocksNegative" file="/home/yongsang/Research/PSID_server_room/GROMACS/gromacs-2025.2/src/gromacs/selection/tests/indexutil.cpp" line="353" status="run" result="completed" time="0" timestamp="2025-05-16T00:22:02.837" classname="IndexBlockTest" />
    <testcase name="ChecksGroupForCompleteElementsTrivial" file="/home/yongsang/Research/PSID_server_room/GROMACS/gromacs-2025.2/src/gromacs/selection/tests/indexutil.cpp" line="379" status="run" result="completed" time="0" timestamp="2025-05-16T00:22:02.837" classname="IndexBlockTest" />
    <testcase name="ChecksGroupForCompleteResiduesPositive" file="/home/yongsang/Research/PSID_server_room/GROMACS/gromacs-2025.2/src/gromacs/selection/tests/indexutil.cpp" line="388" status="run" result="completed" time="0" timestamp="2025-05-16T00:22:02.837" classname="IndexBlockTest" />
    <testcase name="ChecksGroupForCompleteResiduesNegative" file="/home/yongsang/Research/PSID_server_room/GROMACS/gromacs-2025.2/src/gromacs/selection/tests/indexutil.cpp" line="404" status="run" result="completed" time="0" timestamp="2025-05-16T00:22:02.837" classname="IndexBlockTest" />
    <testcase name="ChecksGroupForCompleteMoleculesPositive" file="/home/yongsang/Research/PSID_server_room/GROMACS/gromacs-2025.2/src/gromacs/selection/tests/indexutil.cpp" line="428" status="run" result="completed" time="0" timestamp="2025-05-16T00:22:02.837" classname="IndexBlockTest" />
    <testcase name="ChecksGroupForCompleteMoleculesNegative" file="/home/yongsang/Research/PSID_server_room/GROMACS/gromacs-2025.2/src/gromacs/selection/tests/indexutil.cpp" line="441" status="run" result="completed" time="0" timestamp="2025-05-16T00:22:02.837" classname="IndexBlockTest" />
  </testsuite>
  <testsuite name="IndexMapTest" tests="11" failures="0" disabled="0" skipped="0" errors="0" time="0" timestamp="2025-05-16T00:22:02.837">
    <testcase name="InitializesAtomBlock" file="/home/yongsang/Research/PSID_server_room/GROMACS/gromacs-2025.2/src/gromacs/selection/tests/indexutil.cpp" line="570" status="run" result="completed" time="0" timestamp="2025-05-16T00:22:02.837" classname="IndexMapTest" />
    <testcase name="InitializesOrgIdGroupAtom" file="/home/yongsang/Research/PSID_server_room/GROMACS/gromacs-2025.2/src/gromacs/selection/tests/indexutil.cpp" line="576" status="run" result="completed" time="0" timestamp="2025-05-16T00:22:02.837" classname="IndexMapTest" />
    <testcase name="InitializesOrgIdGroupSingle" file="/home/yongsang/Research/PSID_server_room/GROMACS/gromacs-2025.2/src/gromacs/selection/tests/indexutil.cpp" line="583" status="run" result="completed" time="0" timestamp="2025-05-16T00:22:02.837" classname="IndexMapTest" />
    <testcase name="InitializesOrgIdGroupResidue" file="/home/yongsang/Research/PSID_server_room/GROMACS/gromacs-2025.2/src/gromacs/selection/tests/indexutil.cpp" line="592" status="run" result="completed" time="0" timestamp="2025-05-16T00:22:02.837" classname="IndexMapTest" />
    <testcase name="InitializesOrgIdGroupMolecule" file="/home/yongsang/Research/PSID_server_room/GROMACS/gromacs-2025.2/src/gromacs/selection/tests/indexutil.cpp" line="601" status="run" result="completed" time="0" timestamp="2025-05-16T00:22:02.837" classname="IndexMapTest" />
    <testcase name="InitializesOrgIdGroupAll" file="/home/yongsang/Research/PSID_server_room/GROMACS/gromacs-2025.2/src/gromacs/selection/tests/indexutil.cpp" line="611" status="run" result="completed" time="0" timestamp="2025-05-16T00:22:02.837" classname="IndexMapTest" />
    <testcase name="InitializesMoleculeBlock" file="/home/yongsang/Research/PSID_server_room/GROMACS/gromacs-2025.2/src/gromacs/selection/tests/indexutil.cpp" line="618" status="run" result="completed" time="0" timestamp="2025-05-16T00:22:02.837" classname="IndexMapTest" />
    <testcase name="MapsSingleBlock" file="/home/yongsang/Research/PSID_server_room/GROMACS/gromacs-2025.2/src/gromacs/selection/tests/indexutil.cpp" line="627" status="run" result="completed" time="0" timestamp="2025-05-16T00:22:02.837" classname="IndexMapTest" />
    <testcase name="MapsResidueBlocks" file="/home/yongsang/Research/PSID_server_room/GROMACS/gromacs-2025.2/src/gromacs/selection/tests/indexutil.cpp" line="635" status="run" result="completed" time="0" timestamp="2025-05-16T00:22:02.837" classname="IndexMapTest" />
    <testcase name="MapsResidueBlocksWithMask" file="/home/yongsang/Research/PSID_server_room/GROMACS/gromacs-2025.2/src/gromacs/selection/tests/indexutil.cpp" line="645" status="run" result="completed" time="0" timestamp="2025-05-16T00:22:02.837" classname="IndexMapTest" />
    <testcase name="HandlesMultipleRequests" file="/home/yongsang/Research/PSID_server_room/GROMACS/gromacs-2025.2/src/gromacs/selection/tests/indexutil.cpp" line="655" status="run" result="completed" time="0" timestamp="2025-05-16T00:22:02.837" classname="IndexMapTest" />
  </testsuite>
  <testsuite name="IndexGroupsAndNamesTest" tests="3" failures="0" disabled="0" skipped="0" errors="0" time="0" timestamp="2025-05-16T00:22:02.838">
    <testcase name="containsNames" file="/home/yongsang/Research/PSID_server_room/GROMACS/gromacs-2025.2/src/gromacs/selection/tests/indexutil.cpp" line="697" status="run" result="completed" time="0" timestamp="2025-05-16T00:22:02.838" classname="IndexGroupsAndNamesTest" />
    <testcase name="throwsWhenNameMissing" file="/home/yongsang/Research/PSID_server_room/GROMACS/gromacs-2025.2/src/gromacs/selection/tests/indexutil.cpp" line="708" status="run" result="completed" time="0" timestamp="2025-05-16T00:22:02.838" classname="IndexGroupsAndNamesTest" />
    <testcase name="groupIndicesCorrect" file="/home/yongsang/Research/PSID_server_room/GROMACS/gromacs-2025.2/src/gromacs/selection/tests/indexutil.cpp" line="713" status="run" result="completed" time="0" timestamp="2025-05-16T00:22:02.838" classname="IndexGroupsAndNamesTest" />
  </testsuite>
  <testsuite name="NeighborhoodSearchTest" tests="15" failures="0" disabled="0" skipped="0" errors="0" time="0.044" timestamp="2025-05-16T00:22:02.838">
    <testcase name="SimpleSearch" file="/home/yongsang/Research/PSID_server_room/GROMACS/gromacs-2025.2/src/gromacs/selection/tests/nbsearch.cpp" line="877" status="run" result="completed" time="0.007" timestamp="2025-05-16T00:22:02.838" classname="NeighborhoodSearchTest" />
    <testcase name="SimpleSearchXY" file="/home/yongsang/Research/PSID_server_room/GROMACS/gromacs-2025.2/src/gromacs/selection/tests/nbsearch.cpp" line="895" status="run" result="completed" time="0.007" timestamp="2025-05-16T00:22:02.845" classname="NeighborhoodSearchTest" />
    <testcase name="GridSearchBox" file="/home/yongsang/Research/PSID_server_room/GROMACS/gromacs-2025.2/src/gromacs/selection/tests/nbsearch.cpp" line="911" status="run" result="completed" time="0.001" timestamp="2025-05-16T00:22:02.852" classname="NeighborhoodSearchTest" />
    <testcase name="GridSearchTriclinic" file="/home/yongsang/Research/PSID_server_room/GROMACS/gromacs-2025.2/src/gromacs/selection/tests/nbsearch.cpp" line="929" status="run" result="completed" time="0.003" timestamp="2025-05-16T00:22:02.853" classname="NeighborhoodSearchTest" />
    <testcase name="GridSearch2DPBC" file="/home/yongsang/Research/PSID_server_room/GROMACS/gromacs-2025.2/src/gromacs/selection/tests/nbsearch.cpp" line="941" status="run" result="completed" time="0.001" timestamp="2025-05-16T00:22:02.857" classname="NeighborhoodSearchTest" />
    <testcase name="GridSearchNoPBC" file="/home/yongsang/Research/PSID_server_room/GROMACS/gromacs-2025.2/src/gromacs/selection/tests/nbsearch.cpp" line="956" status="run" result="completed" time="0" timestamp="2025-05-16T00:22:02.859" classname="NeighborhoodSearchTest" />
    <testcase name="GridSearchXYBox" file="/home/yongsang/Research/PSID_server_room/GROMACS/gromacs-2025.2/src/gromacs/selection/tests/nbsearch.cpp" line="968" status="run" result="completed" time="0.001" timestamp="2025-05-16T00:22:02.860" classname="NeighborhoodSearchTest" />
    <testcase name="SimpleSelfPairsSearch" file="/home/yongsang/Research/PSID_server_room/GROMACS/gromacs-2025.2/src/gromacs/selection/tests/nbsearch.cpp" line="984" status="run" result="completed" time="0" timestamp="2025-05-16T00:22:02.861" classname="NeighborhoodSearchTest" />
    <testcase name="GridSelfPairsSearch" file="/home/yongsang/Research/PSID_server_room/GROMACS/gromacs-2025.2/src/gromacs/selection/tests/nbsearch.cpp" line="996" status="run" result="completed" time="0.018" timestamp="2025-05-16T00:22:02.861" classname="NeighborhoodSearchTest" />
    <testcase name="HandlesConcurrentSearches" file="/home/yongsang/Research/PSID_server_room/GROMACS/gromacs-2025.2/src/gromacs/selection/tests/nbsearch.cpp" line="1008" status="run" result="completed" time="0" timestamp="2025-05-16T00:22:02.880" classname="NeighborhoodSearchTest" />
    <testcase name="HandlesNoPBC" file="/home/yongsang/Research/PSID_server_room/GROMACS/gromacs-2025.2/src/gromacs/selection/tests/nbsearch.cpp" line="1042" status="run" result="completed" time="0" timestamp="2025-05-16T00:22:02.880" classname="NeighborhoodSearchTest" />
    <testcase name="HandlesNullPBC" file="/home/yongsang/Research/PSID_server_room/GROMACS/gromacs-2025.2/src/gromacs/selection/tests/nbsearch.cpp" line="1056" status="run" result="completed" time="0" timestamp="2025-05-16T00:22:02.880" classname="NeighborhoodSearchTest" />
    <testcase name="HandlesSkippingPairs" file="/home/yongsang/Research/PSID_server_room/GROMACS/gromacs-2025.2/src/gromacs/selection/tests/nbsearch.cpp" line="1070" status="run" result="completed" time="0" timestamp="2025-05-16T00:22:02.880" classname="NeighborhoodSearchTest" />
    <testcase name="SimpleSearchExclusions" file="/home/yongsang/Research/PSID_server_room/GROMACS/gromacs-2025.2/src/gromacs/selection/tests/nbsearch.cpp" line="1097" status="run" result="completed" time="0.001" timestamp="2025-05-16T00:22:02.880" classname="NeighborhoodSearchTest" />
    <testcase name="GridSearchExclusions" file="/home/yongsang/Research/PSID_server_room/GROMACS/gromacs-2025.2/src/gromacs/selection/tests/nbsearch.cpp" line="1120" status="run" result="completed" time="0" timestamp="2025-05-16T00:22:02.882" classname="NeighborhoodSearchTest" />
  </testsuite>
  <testsuite name="PositionCalculationTest" tests="13" failures="0" disabled="0" skipped="0" errors="0" time="0.001" timestamp="2025-05-16T00:22:02.882">
    <testcase name="ComputesAtomPositions" file="/home/yongsang/Research/PSID_server_room/GROMACS/gromacs-2025.2/src/gromacs/selection/tests/poscalc.cpp" line="359" status="run" result="completed" time="0" timestamp="2025-05-16T00:22:02.882" classname="PositionCalculationTest" />
    <testcase name="ComputesAtomPositionsWithRepeatedIndex" file="/home/yongsang/Research/PSID_server_room/GROMACS/gromacs-2025.2/src/gromacs/selection/tests/poscalc.cpp" line="368" status="run" result="completed" time="0" timestamp="2025-05-16T00:22:02.882" classname="PositionCalculationTest" />
    <testcase name="ComputesResidueCOGPositions" file="/home/yongsang/Research/PSID_server_room/GROMACS/gromacs-2025.2/src/gromacs/selection/tests/poscalc.cpp" line="378" status="run" result="completed" time="0" timestamp="2025-05-16T00:22:02.882" classname="PositionCalculationTest" />
    <testcase name="ComputesResidueCOMPositions" file="/home/yongsang/Research/PSID_server_room/GROMACS/gromacs-2025.2/src/gromacs/selection/tests/poscalc.cpp" line="388" status="run" result="completed" time="0" timestamp="2025-05-16T00:22:02.882" classname="PositionCalculationTest" />
    <testcase name="ComputesGroupCOGPositions" file="/home/yongsang/Research/PSID_server_room/GROMACS/gromacs-2025.2/src/gromacs/selection/tests/poscalc.cpp" line="398" status="run" result="completed" time="0" timestamp="2025-05-16T00:22:02.882" classname="PositionCalculationTest" />
    <testcase name="ComputesGroupCOMPositions" file="/home/yongsang/Research/PSID_server_room/GROMACS/gromacs-2025.2/src/gromacs/selection/tests/poscalc.cpp" line="408" status="run" result="completed" time="0" timestamp="2025-05-16T00:22:02.882" classname="PositionCalculationTest" />
    <testcase name="ComputesPositionsWithCompleteWhole" file="/home/yongsang/Research/PSID_server_room/GROMACS/gromacs-2025.2/src/gromacs/selection/tests/poscalc.cpp" line="417" status="run" result="completed" time="0" timestamp="2025-05-16T00:22:02.883" classname="PositionCalculationTest" />
    <testcase name="ComputesPositionsWithCompleteMax" file="/home/yongsang/Research/PSID_server_room/GROMACS/gromacs-2025.2/src/gromacs/selection/tests/poscalc.cpp" line="425" status="run" result="completed" time="0" timestamp="2025-05-16T00:22:02.883" classname="PositionCalculationTest" />
    <testcase name="ComputesPositionMask" file="/home/yongsang/Research/PSID_server_room/GROMACS/gromacs-2025.2/src/gromacs/selection/tests/poscalc.cpp" line="434" status="run" result="completed" time="0" timestamp="2025-05-16T00:22:02.883" classname="PositionCalculationTest" />
    <testcase name="HandlesFramesWithLessAtoms" file="/home/yongsang/Research/PSID_server_room/GROMACS/gromacs-2025.2/src/gromacs/selection/tests/poscalc.cpp" line="444" status="run" result="completed" time="0" timestamp="2025-05-16T00:22:02.883" classname="PositionCalculationTest" />
    <testcase name="HandlesFramesWithLessAtoms2" file="/home/yongsang/Research/PSID_server_room/GROMACS/gromacs-2025.2/src/gromacs/selection/tests/poscalc.cpp" line="451" status="run" result="completed" time="0" timestamp="2025-05-16T00:22:02.883" classname="PositionCalculationTest" />
    <testcase name="HandlesIdenticalStaticCalculations" file="/home/yongsang/Research/PSID_server_room/GROMACS/gromacs-2025.2/src/gromacs/selection/tests/poscalc.cpp" line="459" status="run" result="completed" time="0" timestamp="2025-05-16T00:22:02.883" classname="PositionCalculationTest" />
    <testcase name="HandlesOverlappingStaticCalculations" file="/home/yongsang/Research/PSID_server_room/GROMACS/gromacs-2025.2/src/gromacs/selection/tests/poscalc.cpp" line="487" status="run" result="completed" time="0" timestamp="2025-05-16T00:22:02.883" classname="PositionCalculationTest" />
  </testsuite>
  <testsuite name="SelectionCollectionTest" tests="33" failures="0" disabled="0" skipped="0" errors="0" time="0.004" timestamp="2025-05-16T00:22:02.883">
    <testcase name="HandlesNoSelections" file="/home/yongsang/Research/PSID_server_room/GROMACS/gromacs-2025.2/src/gromacs/selection/tests/selectioncollection.cpp" line="401" status="run" result="completed" time="0" timestamp="2025-05-16T00:22:02.883" classname="SelectionCollectionTest" />
    <testcase name="HandlesNoSelectionsWithDefaultPositionType" file="/home/yongsang/Research/PSID_server_room/GROMACS/gromacs-2025.2/src/gromacs/selection/tests/selectioncollection.cpp" line="408" status="run" result="completed" time="0" timestamp="2025-05-16T00:22:02.883" classname="SelectionCollectionTest" />
    <testcase name="HandlesVelocityAndForceRequests" file="/home/yongsang/Research/PSID_server_room/GROMACS/gromacs-2025.2/src/gromacs/selection/tests/selectioncollection.cpp" line="422" status="run" result="completed" time="0" timestamp="2025-05-16T00:22:02.884" classname="SelectionCollectionTest" />
    <testcase name="HandlesForceRequestForCenterOfGeometry" file="/home/yongsang/Research/PSID_server_room/GROMACS/gromacs-2025.2/src/gromacs/selection/tests/selectioncollection.cpp" line="441" status="run" result="completed" time="0" timestamp="2025-05-16T00:22:02.884" classname="SelectionCollectionTest" />
    <testcase name="ParsesSelectionsFromFile" file="/home/yongsang/Research/PSID_server_room/GROMACS/gromacs-2025.2/src/gromacs/selection/tests/selectioncollection.cpp" line="455" status="run" result="completed" time="0" timestamp="2025-05-16T00:22:02.884" classname="SelectionCollectionTest" />
    <testcase name="HandlesAtypicalWhitespace" file="/home/yongsang/Research/PSID_server_room/GROMACS/gromacs-2025.2/src/gromacs/selection/tests/selectioncollection.cpp" line="465" status="run" result="completed" time="0" timestamp="2025-05-16T00:22:02.884" classname="SelectionCollectionTest" />
    <testcase name="HandlesInvalidRegularExpressions" file="/home/yongsang/Research/PSID_server_room/GROMACS/gromacs-2025.2/src/gromacs/selection/tests/selectioncollection.cpp" line="474" status="run" result="completed" time="0" timestamp="2025-05-16T00:22:02.884" classname="SelectionCollectionTest" />
    <testcase name="HandlesMissingMethodParamValue" file="/home/yongsang/Research/PSID_server_room/GROMACS/gromacs-2025.2/src/gromacs/selection/tests/selectioncollection.cpp" line="485" status="run" result="completed" time="0" timestamp="2025-05-16T00:22:02.884" classname="SelectionCollectionTest" />
    <testcase name="HandlesMissingMethodParamValue2" file="/home/yongsang/Research/PSID_server_room/GROMACS/gromacs-2025.2/src/gromacs/selection/tests/selectioncollection.cpp" line="490" status="run" result="completed" time="0" timestamp="2025-05-16T00:22:02.884" classname="SelectionCollectionTest" />
    <testcase name="HandlesMissingMethodParamValue3" file="/home/yongsang/Research/PSID_server_room/GROMACS/gromacs-2025.2/src/gromacs/selection/tests/selectioncollection.cpp" line="495" status="run" result="completed" time="0" timestamp="2025-05-16T00:22:02.884" classname="SelectionCollectionTest" />
    <testcase name="HandlesUnknownGroupReferenceParser1" file="/home/yongsang/Research/PSID_server_room/GROMACS/gromacs-2025.2/src/gromacs/selection/tests/selectioncollection.cpp" line="502" status="run" result="completed" time="0" timestamp="2025-05-16T00:22:02.885" classname="SelectionCollectionTest" />
    <testcase name="HandlesUnknownGroupReferenceParser2" file="/home/yongsang/Research/PSID_server_room/GROMACS/gromacs-2025.2/src/gromacs/selection/tests/selectioncollection.cpp" line="509" status="run" result="completed" time="0" timestamp="2025-05-16T00:22:02.885" classname="SelectionCollectionTest" />
    <testcase name="HandlesUnknownGroupReferenceDelayed1" file="/home/yongsang/Research/PSID_server_room/GROMACS/gromacs-2025.2/src/gromacs/selection/tests/selectioncollection.cpp" line="516" status="run" result="completed" time="0" timestamp="2025-05-16T00:22:02.885" classname="SelectionCollectionTest" />
    <testcase name="HandlesUnknownGroupReferenceDelayed2" file="/home/yongsang/Research/PSID_server_room/GROMACS/gromacs-2025.2/src/gromacs/selection/tests/selectioncollection.cpp" line="524" status="run" result="completed" time="0" timestamp="2025-05-16T00:22:02.885" classname="SelectionCollectionTest" />
    <testcase name="HandlesUnsortedGroupReference" file="/home/yongsang/Research/PSID_server_room/GROMACS/gromacs-2025.2/src/gromacs/selection/tests/selectioncollection.cpp" line="532" status="run" result="completed" time="0" timestamp="2025-05-16T00:22:02.885" classname="SelectionCollectionTest" />
    <testcase name="HandlesUnsortedGroupReferenceDelayed" file="/home/yongsang/Research/PSID_server_room/GROMACS/gromacs-2025.2/src/gromacs/selection/tests/selectioncollection.cpp" line="541" status="run" result="completed" time="0" timestamp="2025-05-16T00:22:02.885" classname="SelectionCollectionTest" />
    <testcase name="HandlesOutOfRangeAtomIndexInGroup" file="/home/yongsang/Research/PSID_server_room/GROMACS/gromacs-2025.2/src/gromacs/selection/tests/selectioncollection.cpp" line="552" status="run" result="completed" time="0" timestamp="2025-05-16T00:22:02.885" classname="SelectionCollectionTest" />
    <testcase name="HandlesOutOfRangeAtomIndexInGroupDelayed" file="/home/yongsang/Research/PSID_server_room/GROMACS/gromacs-2025.2/src/gromacs/selection/tests/selectioncollection.cpp" line="559" status="run" result="completed" time="0" timestamp="2025-05-16T00:22:02.885" classname="SelectionCollectionTest" />
    <testcase name="HandlesOutOfRangeAtomIndexInGroupDelayed2" file="/home/yongsang/Research/PSID_server_room/GROMACS/gromacs-2025.2/src/gromacs/selection/tests/selectioncollection.cpp" line="566" status="run" result="completed" time="0" timestamp="2025-05-16T00:22:02.885" classname="SelectionCollectionTest" />
    <testcase name="RecoversFromMissingMoleculeInfo" file="/home/yongsang/Research/PSID_server_room/GROMACS/gromacs-2025.2/src/gromacs/selection/tests/selectioncollection.cpp" line="573" status="run" result="completed" time="0" timestamp="2025-05-16T00:22:02.886" classname="SelectionCollectionTest" />
    <testcase name="RecoversFromMissingAtomTypes" file="/home/yongsang/Research/PSID_server_room/GROMACS/gromacs-2025.2/src/gromacs/selection/tests/selectioncollection.cpp" line="580" status="run" result="completed" time="0" timestamp="2025-05-16T00:22:02.886" classname="SelectionCollectionTest" />
    <testcase name="RecoversFromMissingPDBInfo" file="/home/yongsang/Research/PSID_server_room/GROMACS/gromacs-2025.2/src/gromacs/selection/tests/selectioncollection.cpp" line="587" status="run" result="completed" time="0" timestamp="2025-05-16T00:22:02.886" classname="SelectionCollectionTest" />
    <testcase name="RecoversFromInvalidPermutation" file="/home/yongsang/Research/PSID_server_room/GROMACS/gromacs-2025.2/src/gromacs/selection/tests/selectioncollection.cpp" line="594" status="run" result="completed" time="0" timestamp="2025-05-16T00:22:02.886" classname="SelectionCollectionTest" />
    <testcase name="RecoversFromInvalidPermutation2" file="/home/yongsang/Research/PSID_server_room/GROMACS/gromacs-2025.2/src/gromacs/selection/tests/selectioncollection.cpp" line="601" status="run" result="completed" time="0" timestamp="2025-05-16T00:22:02.886" classname="SelectionCollectionTest" />
    <testcase name="RecoversFromInvalidPermutation3" file="/home/yongsang/Research/PSID_server_room/GROMACS/gromacs-2025.2/src/gromacs/selection/tests/selectioncollection.cpp" line="608" status="run" result="completed" time="0" timestamp="2025-05-16T00:22:02.886" classname="SelectionCollectionTest" />
    <testcase name="HandlesFramesWithTooSmallAtomSubsets" file="/home/yongsang/Research/PSID_server_room/GROMACS/gromacs-2025.2/src/gromacs/selection/tests/selectioncollection.cpp" line="616" status="run" result="completed" time="0" timestamp="2025-05-16T00:22:02.886" classname="SelectionCollectionTest" />
    <testcase name="HandlesFramesWithTooSmallAtomSubsets2" file="/home/yongsang/Research/PSID_server_room/GROMACS/gromacs-2025.2/src/gromacs/selection/tests/selectioncollection.cpp" line="625" status="run" result="completed" time="0" timestamp="2025-05-16T00:22:02.886" classname="SelectionCollectionTest" />
    <testcase name="HandlesFramesWithTooSmallAtomSubsets3" file="/home/yongsang/Research/PSID_server_room/GROMACS/gromacs-2025.2/src/gromacs/selection/tests/selectioncollection.cpp" line="635" status="run" result="completed" time="0" timestamp="2025-05-16T00:22:02.887" classname="SelectionCollectionTest" />
    <testcase name="HandlesFramesWithTooSmallAtomSubsets4" file="/home/yongsang/Research/PSID_server_room/GROMACS/gromacs-2025.2/src/gromacs/selection/tests/selectioncollection.cpp" line="646" status="run" result="completed" time="0" timestamp="2025-05-16T00:22:02.887" classname="SelectionCollectionTest" />
    <testcase name="RetrieveValidSelection" file="/home/yongsang/Research/PSID_server_room/GROMACS/gromacs-2025.2/src/gromacs/selection/tests/selectioncollection.cpp" line="661" status="run" result="completed" time="0" timestamp="2025-05-16T00:22:02.887" classname="SelectionCollectionTest" />
    <testcase name="RetrieveInvalidSelection" file="/home/yongsang/Research/PSID_server_room/GROMACS/gromacs-2025.2/src/gromacs/selection/tests/selectioncollection.cpp" line="669" status="run" result="completed" time="0" timestamp="2025-05-16T00:22:02.887" classname="SelectionCollectionTest" />
    <testcase name="CanCopyEmptyCollection" file="/home/yongsang/Research/PSID_server_room/GROMACS/gromacs-2025.2/src/gromacs/selection/tests/selectioncollection.cpp" line="677" status="run" result="completed" time="0" timestamp="2025-05-16T00:22:02.887" classname="SelectionCollectionTest" />
    <testcase name="CopiedSelectionListsAreHandledSeparately" file="/home/yongsang/Research/PSID_server_room/GROMACS/gromacs-2025.2/src/gromacs/selection/tests/selectioncollection.cpp" line="682" status="run" result="completed" time="0" timestamp="2025-05-16T00:22:02.887" classname="SelectionCollectionTest" />
  </testsuite>
  <testsuite name="SelectionCollectionInteractiveTest" tests="14" failures="0" disabled="0" skipped="0" errors="0" time="0.002" timestamp="2025-05-16T00:22:02.887">
    <testcase name="HandlesBasicInput" file="/home/yongsang/Research/PSID_server_room/GROMACS/gromacs-2025.2/src/gromacs/selection/tests/selectioncollection.cpp" line="702" status="run" result="completed" time="0" timestamp="2025-05-16T00:22:02.887" classname="SelectionCollectionInteractiveTest" />
    <testcase name="HandlesContinuation" file="/home/yongsang/Research/PSID_server_room/GROMACS/gromacs-2025.2/src/gromacs/selection/tests/selectioncollection.cpp" line="708" status="run" result="completed" time="0" timestamp="2025-05-16T00:22:02.887" classname="SelectionCollectionInteractiveTest" />
    <testcase name="HandlesSingleSelectionInput" file="/home/yongsang/Research/PSID_server_room/GROMACS/gromacs-2025.2/src/gromacs/selection/tests/selectioncollection.cpp" line="714" status="run" result="completed" time="0" timestamp="2025-05-16T00:22:02.888" classname="SelectionCollectionInteractiveTest" />
    <testcase name="HandlesTwoSelectionInput" file="/home/yongsang/Research/PSID_server_room/GROMACS/gromacs-2025.2/src/gromacs/selection/tests/selectioncollection.cpp" line="720" status="run" result="completed" time="0" timestamp="2025-05-16T00:22:02.888" classname="SelectionCollectionInteractiveTest" />
    <testcase name="HandlesStatusWithGroups" file="/home/yongsang/Research/PSID_server_room/GROMACS/gromacs-2025.2/src/gromacs/selection/tests/selectioncollection.cpp" line="726" status="run" result="completed" time="0" timestamp="2025-05-16T00:22:02.888" classname="SelectionCollectionInteractiveTest" />
    <testcase name="HandlesStatusWithExistingSelections" file="/home/yongsang/Research/PSID_server_room/GROMACS/gromacs-2025.2/src/gromacs/selection/tests/selectioncollection.cpp" line="733" status="run" result="completed" time="0" timestamp="2025-05-16T00:22:02.888" classname="SelectionCollectionInteractiveTest" />
    <testcase name="HandlesSingleSelectionInputStatus" file="/home/yongsang/Research/PSID_server_room/GROMACS/gromacs-2025.2/src/gromacs/selection/tests/selectioncollection.cpp" line="741" status="run" result="completed" time="0" timestamp="2025-05-16T00:22:02.888" classname="SelectionCollectionInteractiveTest" />
    <testcase name="HandlesTwoSelectionInputStatus" file="/home/yongsang/Research/PSID_server_room/GROMACS/gromacs-2025.2/src/gromacs/selection/tests/selectioncollection.cpp" line="747" status="run" result="completed" time="0" timestamp="2025-05-16T00:22:02.888" classname="SelectionCollectionInteractiveTest" />
    <testcase name="HandlesMultiSelectionInputStatus" file="/home/yongsang/Research/PSID_server_room/GROMACS/gromacs-2025.2/src/gromacs/selection/tests/selectioncollection.cpp" line="753" status="run" result="completed" time="0" timestamp="2025-05-16T00:22:02.889" classname="SelectionCollectionInteractiveTest" />
    <testcase name="HandlesNoFinalNewline" file="/home/yongsang/Research/PSID_server_room/GROMACS/gromacs-2025.2/src/gromacs/selection/tests/selectioncollection.cpp" line="759" status="run" result="completed" time="0" timestamp="2025-05-16T00:22:02.889" classname="SelectionCollectionInteractiveTest" />
    <testcase name="HandlesEmptySelections" file="/home/yongsang/Research/PSID_server_room/GROMACS/gromacs-2025.2/src/gromacs/selection/tests/selectioncollection.cpp" line="768" status="run" result="completed" time="0" timestamp="2025-05-16T00:22:02.889" classname="SelectionCollectionInteractiveTest" />
    <testcase name="HandlesMultipleSelectionsOnLine" file="/home/yongsang/Research/PSID_server_room/GROMACS/gromacs-2025.2/src/gromacs/selection/tests/selectioncollection.cpp" line="774" status="run" result="completed" time="0" timestamp="2025-05-16T00:22:02.889" classname="SelectionCollectionInteractiveTest" />
    <testcase name="HandlesNoninteractiveInput" file="/home/yongsang/Research/PSID_server_room/GROMACS/gromacs-2025.2/src/gromacs/selection/tests/selectioncollection.cpp" line="780" status="run" result="completed" time="0" timestamp="2025-05-16T00:22:02.889" classname="SelectionCollectionInteractiveTest" />
    <testcase name="HandlesSingleSelectionInputNoninteractively" file="/home/yongsang/Research/PSID_server_room/GROMACS/gromacs-2025.2/src/gromacs/selection/tests/selectioncollection.cpp" line="786" status="run" result="completed" time="0" timestamp="2025-05-16T00:22:02.889" classname="SelectionCollectionInteractiveTest" />
  </testsuite>
  <testsuite name="SelectionCollectionDataTest" tests="70" failures="0" disabled="0" skipped="0" errors="0" time="0.021" timestamp="2025-05-16T00:22:02.889">
    <testcase name="HandlesAllNone" file="/home/yongsang/Research/PSID_server_room/GROMACS/gromacs-2025.2/src/gromacs/selection/tests/selectioncollection.cpp" line="797" status="run" result="completed" time="0" timestamp="2025-05-16T00:22:02.889" classname="SelectionCollectionDataTest" />
    <testcase name="HandlesAtomnr" file="/home/yongsang/Research/PSID_server_room/GROMACS/gromacs-2025.2/src/gromacs/selection/tests/selectioncollection.cpp" line="803" status="run" result="completed" time="0" timestamp="2025-05-16T00:22:02.890" classname="SelectionCollectionDataTest" />
    <testcase name="HandlesResnr" file="/home/yongsang/Research/PSID_server_room/GROMACS/gromacs-2025.2/src/gromacs/selection/tests/selectioncollection.cpp" line="811" status="run" result="completed" time="0" timestamp="2025-05-16T00:22:02.890" classname="SelectionCollectionDataTest" />
    <testcase name="HandlesResIndex" file="/home/yongsang/Research/PSID_server_room/GROMACS/gromacs-2025.2/src/gromacs/selection/tests/selectioncollection.cpp" line="817" status="run" result="completed" time="0" timestamp="2025-05-16T00:22:02.890" classname="SelectionCollectionDataTest" />
    <testcase name="HandlesMolIndex" file="/home/yongsang/Research/PSID_server_room/GROMACS/gromacs-2025.2/src/gromacs/selection/tests/selectioncollection.cpp" line="823" status="run" result="completed" time="0" timestamp="2025-05-16T00:22:02.890" classname="SelectionCollectionDataTest" />
    <testcase name="HandlesAtomname" file="/home/yongsang/Research/PSID_server_room/GROMACS/gromacs-2025.2/src/gromacs/selection/tests/selectioncollection.cpp" line="833" status="run" result="completed" time="0" timestamp="2025-05-16T00:22:02.890" classname="SelectionCollectionDataTest" />
    <testcase name="HandlesPdbAtomname" file="/home/yongsang/Research/PSID_server_room/GROMACS/gromacs-2025.2/src/gromacs/selection/tests/selectioncollection.cpp" line="839" status="run" result="completed" time="0" timestamp="2025-05-16T00:22:02.891" classname="SelectionCollectionDataTest" />
    <testcase name="HandlesAtomtype" file="/home/yongsang/Research/PSID_server_room/GROMACS/gromacs-2025.2/src/gromacs/selection/tests/selectioncollection.cpp" line="848" status="run" result="completed" time="0" timestamp="2025-05-16T00:22:02.891" classname="SelectionCollectionDataTest" />
    <testcase name="HandlesChain" file="/home/yongsang/Research/PSID_server_room/GROMACS/gromacs-2025.2/src/gromacs/selection/tests/selectioncollection.cpp" line="859" status="run" result="completed" time="0" timestamp="2025-05-16T00:22:02.891" classname="SelectionCollectionDataTest" />
    <testcase name="HandlesMass" file="/home/yongsang/Research/PSID_server_room/GROMACS/gromacs-2025.2/src/gromacs/selection/tests/selectioncollection.cpp" line="865" status="run" result="completed" time="0" timestamp="2025-05-16T00:22:02.891" classname="SelectionCollectionDataTest" />
    <testcase name="HandlesCharge" file="/home/yongsang/Research/PSID_server_room/GROMACS/gromacs-2025.2/src/gromacs/selection/tests/selectioncollection.cpp" line="881" status="run" result="completed" time="0" timestamp="2025-05-16T00:22:02.891" classname="SelectionCollectionDataTest" />
    <testcase name="HandlesAltLoc" file="/home/yongsang/Research/PSID_server_room/GROMACS/gromacs-2025.2/src/gromacs/selection/tests/selectioncollection.cpp" line="899" status="run" result="completed" time="0" timestamp="2025-05-16T00:22:02.891" classname="SelectionCollectionDataTest" />
    <testcase name="HandlesInsertCode" file="/home/yongsang/Research/PSID_server_room/GROMACS/gromacs-2025.2/src/gromacs/selection/tests/selectioncollection.cpp" line="905" status="run" result="completed" time="0" timestamp="2025-05-16T00:22:02.892" classname="SelectionCollectionDataTest" />
    <testcase name="HandlesOccupancy" file="/home/yongsang/Research/PSID_server_room/GROMACS/gromacs-2025.2/src/gromacs/selection/tests/selectioncollection.cpp" line="911" status="run" result="completed" time="0" timestamp="2025-05-16T00:22:02.892" classname="SelectionCollectionDataTest" />
    <testcase name="HandlesBeta" file="/home/yongsang/Research/PSID_server_room/GROMACS/gromacs-2025.2/src/gromacs/selection/tests/selectioncollection.cpp" line="917" status="run" result="completed" time="0" timestamp="2025-05-16T00:22:02.892" classname="SelectionCollectionDataTest" />
    <testcase name="HandlesResname" file="/home/yongsang/Research/PSID_server_room/GROMACS/gromacs-2025.2/src/gromacs/selection/tests/selectioncollection.cpp" line="923" status="run" result="completed" time="0" timestamp="2025-05-16T00:22:02.892" classname="SelectionCollectionDataTest" />
    <testcase name="HandlesCoordinateKeywords" file="/home/yongsang/Research/PSID_server_room/GROMACS/gromacs-2025.2/src/gromacs/selection/tests/selectioncollection.cpp" line="929" status="run" result="completed" time="0" timestamp="2025-05-16T00:22:02.892" classname="SelectionCollectionDataTest" />
    <testcase name="HandlesSameResidue" file="/home/yongsang/Research/PSID_server_room/GROMACS/gromacs-2025.2/src/gromacs/selection/tests/selectioncollection.cpp" line="937" status="run" result="completed" time="0" timestamp="2025-05-16T00:22:02.893" classname="SelectionCollectionDataTest" />
    <testcase name="HandlesSameResidueName" file="/home/yongsang/Research/PSID_server_room/GROMACS/gromacs-2025.2/src/gromacs/selection/tests/selectioncollection.cpp" line="944" status="run" result="completed" time="0" timestamp="2025-05-16T00:22:02.893" classname="SelectionCollectionDataTest" />
    <testcase name="HandlesPositionKeywords" file="/home/yongsang/Research/PSID_server_room/GROMACS/gromacs-2025.2/src/gromacs/selection/tests/selectioncollection.cpp" line="951" status="run" result="completed" time="0" timestamp="2025-05-16T00:22:02.893" classname="SelectionCollectionDataTest" />
    <testcase name="HandlesDistanceKeyword" file="/home/yongsang/Research/PSID_server_room/GROMACS/gromacs-2025.2/src/gromacs/selection/tests/selectioncollection.cpp" line="963" status="run" result="completed" time="0" timestamp="2025-05-16T00:22:02.894" classname="SelectionCollectionDataTest" />
    <testcase name="HandlesMinDistanceKeyword" file="/home/yongsang/Research/PSID_server_room/GROMACS/gromacs-2025.2/src/gromacs/selection/tests/selectioncollection.cpp" line="971" status="run" result="completed" time="0" timestamp="2025-05-16T00:22:02.894" classname="SelectionCollectionDataTest" />
    <testcase name="HandlesWithinKeyword" file="/home/yongsang/Research/PSID_server_room/GROMACS/gromacs-2025.2/src/gromacs/selection/tests/selectioncollection.cpp" line="979" status="run" result="completed" time="0" timestamp="2025-05-16T00:22:02.894" classname="SelectionCollectionDataTest" />
    <testcase name="HandlesInSolidAngleKeyword" file="/home/yongsang/Research/PSID_server_room/GROMACS/gromacs-2025.2/src/gromacs/selection/tests/selectioncollection.cpp" line="987" status="run" result="completed" time="0.001" timestamp="2025-05-16T00:22:02.894" classname="SelectionCollectionDataTest" />
    <testcase name="HandlesPermuteModifier" file="/home/yongsang/Research/PSID_server_room/GROMACS/gromacs-2025.2/src/gromacs/selection/tests/selectioncollection.cpp" line="999" status="run" result="completed" time="0" timestamp="2025-05-16T00:22:02.895" classname="SelectionCollectionDataTest" />
    <testcase name="HandlesPlusModifier" file="/home/yongsang/Research/PSID_server_room/GROMACS/gromacs-2025.2/src/gromacs/selection/tests/selectioncollection.cpp" line="1010" status="run" result="completed" time="0" timestamp="2025-05-16T00:22:02.896" classname="SelectionCollectionDataTest" />
    <testcase name="HandlesMergeModifier" file="/home/yongsang/Research/PSID_server_room/GROMACS/gromacs-2025.2/src/gromacs/selection/tests/selectioncollection.cpp" line="1023" status="run" result="completed" time="0" timestamp="2025-05-16T00:22:02.897" classname="SelectionCollectionDataTest" />
    <testcase name="ComputesMassesAndCharges" file="/home/yongsang/Research/PSID_server_room/GROMACS/gromacs-2025.2/src/gromacs/selection/tests/selectioncollection.cpp" line="1040" status="run" result="completed" time="0" timestamp="2025-05-16T00:22:02.898" classname="SelectionCollectionDataTest" />
    <testcase name="ComputesMassesAndChargesWithoutTopology" file="/home/yongsang/Research/PSID_server_room/GROMACS/gromacs-2025.2/src/gromacs/selection/tests/selectioncollection.cpp" line="1061" status="run" result="completed" time="0" timestamp="2025-05-16T00:22:02.898" classname="SelectionCollectionDataTest" />
    <testcase name="HandlesFramesWithAtomSubsets" file="/home/yongsang/Research/PSID_server_room/GROMACS/gromacs-2025.2/src/gromacs/selection/tests/selectioncollection.cpp" line="1068" status="run" result="completed" time="0" timestamp="2025-05-16T00:22:02.898" classname="SelectionCollectionDataTest" />
    <testcase name="HandlesSelectionNames" file="/home/yongsang/Research/PSID_server_room/GROMACS/gromacs-2025.2/src/gromacs/selection/tests/selectioncollection.cpp" line="1088" status="run" result="completed" time="0" timestamp="2025-05-16T00:22:02.899" classname="SelectionCollectionDataTest" />
    <testcase name="HandlesIndexGroupsInSelections" file="/home/yongsang/Research/PSID_server_room/GROMACS/gromacs-2025.2/src/gromacs/selection/tests/selectioncollection.cpp" line="1098" status="run" result="completed" time="0" timestamp="2025-05-16T00:22:02.899" classname="SelectionCollectionDataTest" />
    <testcase name="HandlesIndexGroupsInSelectionsDelayed" file="/home/yongsang/Research/PSID_server_room/GROMACS/gromacs-2025.2/src/gromacs/selection/tests/selectioncollection.cpp" line="1114" status="run" result="completed" time="0" timestamp="2025-05-16T00:22:02.899" classname="SelectionCollectionDataTest" />
    <testcase name="HandlesUnsortedIndexGroupsInSelections" file="/home/yongsang/Research/PSID_server_room/GROMACS/gromacs-2025.2/src/gromacs/selection/tests/selectioncollection.cpp" line="1126" status="run" result="completed" time="0" timestamp="2025-05-16T00:22:02.900" classname="SelectionCollectionDataTest" />
    <testcase name="HandlesUnsortedIndexGroupsInSelectionsDelayed" file="/home/yongsang/Research/PSID_server_room/GROMACS/gromacs-2025.2/src/gromacs/selection/tests/selectioncollection.cpp" line="1140" status="run" result="completed" time="0" timestamp="2025-05-16T00:22:02.900" classname="SelectionCollectionDataTest" />
    <testcase name="HandlesConstantPositions" file="/home/yongsang/Research/PSID_server_room/GROMACS/gromacs-2025.2/src/gromacs/selection/tests/selectioncollection.cpp" line="1156" status="run" result="completed" time="0" timestamp="2025-05-16T00:22:02.901" classname="SelectionCollectionDataTest" />
    <testcase name="HandlesConstantPositionsWithModifiers" file="/home/yongsang/Research/PSID_server_room/GROMACS/gromacs-2025.2/src/gromacs/selection/tests/selectioncollection.cpp" line="1164" status="run" result="completed" time="0" timestamp="2025-05-16T00:22:02.901" classname="SelectionCollectionDataTest" />
    <testcase name="HandlesWithinConstantPositions" file="/home/yongsang/Research/PSID_server_room/GROMACS/gromacs-2025.2/src/gromacs/selection/tests/selectioncollection.cpp" line="1172" status="run" result="completed" time="0" timestamp="2025-05-16T00:22:02.901" classname="SelectionCollectionDataTest" />
    <testcase name="HandlesOverlappingIntegerRanges" file="/home/yongsang/Research/PSID_server_room/GROMACS/gromacs-2025.2/src/gromacs/selection/tests/selectioncollection.cpp" line="1180" status="run" result="completed" time="0" timestamp="2025-05-16T00:22:02.901" classname="SelectionCollectionDataTest" />
    <testcase name="HandlesOverlappingRealRanges" file="/home/yongsang/Research/PSID_server_room/GROMACS/gromacs-2025.2/src/gromacs/selection/tests/selectioncollection.cpp" line="1187" status="run" result="completed" time="0" timestamp="2025-05-16T00:22:02.901" classname="SelectionCollectionDataTest" />
    <testcase name="HandlesForcedStringMatchingMode" file="/home/yongsang/Research/PSID_server_room/GROMACS/gromacs-2025.2/src/gromacs/selection/tests/selectioncollection.cpp" line="1204" status="run" result="completed" time="0" timestamp="2025-05-16T00:22:02.901" classname="SelectionCollectionDataTest" />
    <testcase name="HandlesWildcardMatching" file="/home/yongsang/Research/PSID_server_room/GROMACS/gromacs-2025.2/src/gromacs/selection/tests/selectioncollection.cpp" line="1211" status="run" result="completed" time="0" timestamp="2025-05-16T00:22:02.902" classname="SelectionCollectionDataTest" />
    <testcase name="HandlesRegexMatching" file="/home/yongsang/Research/PSID_server_room/GROMACS/gromacs-2025.2/src/gromacs/selection/tests/selectioncollection.cpp" line="1218" status="run" result="completed" time="0" timestamp="2025-05-16T00:22:02.902" classname="SelectionCollectionDataTest" />
    <testcase name="HandlesBasicBoolean" file="/home/yongsang/Research/PSID_server_room/GROMACS/gromacs-2025.2/src/gromacs/selection/tests/selectioncollection.cpp" line="1225" status="run" result="completed" time="0" timestamp="2025-05-16T00:22:02.902" classname="SelectionCollectionDataTest" />
    <testcase name="HandlesDynamicAtomValuedParameters" file="/home/yongsang/Research/PSID_server_room/GROMACS/gromacs-2025.2/src/gromacs/selection/tests/selectioncollection.cpp" line="1238" status="run" result="completed" time="0" timestamp="2025-05-16T00:22:02.902" classname="SelectionCollectionDataTest" />
    <testcase name="HandlesEmptySelectionWithUnevaluatedExpressions" file="/home/yongsang/Research/PSID_server_room/GROMACS/gromacs-2025.2/src/gromacs/selection/tests/selectioncollection.cpp" line="1249" status="run" result="completed" time="0" timestamp="2025-05-16T00:22:02.903" classname="SelectionCollectionDataTest" />
    <testcase name="HandlesEmptyReferenceForSame" file="/home/yongsang/Research/PSID_server_room/GROMACS/gromacs-2025.2/src/gromacs/selection/tests/selectioncollection.cpp" line="1256" status="run" result="completed" time="0" timestamp="2025-05-16T00:22:02.903" classname="SelectionCollectionDataTest" />
    <testcase name="HandlesPositionModifiersForKeywords" file="/home/yongsang/Research/PSID_server_room/GROMACS/gromacs-2025.2/src/gromacs/selection/tests/selectioncollection.cpp" line="1263" status="run" result="completed" time="0" timestamp="2025-05-16T00:22:02.903" classname="SelectionCollectionDataTest" />
    <testcase name="HandlesPositionModifiersForMethods" file="/home/yongsang/Research/PSID_server_room/GROMACS/gromacs-2025.2/src/gromacs/selection/tests/selectioncollection.cpp" line="1271" status="run" result="completed" time="0" timestamp="2025-05-16T00:22:02.903" classname="SelectionCollectionDataTest" />
    <testcase name="HandlesKeywordOfPositions" file="/home/yongsang/Research/PSID_server_room/GROMACS/gromacs-2025.2/src/gromacs/selection/tests/selectioncollection.cpp" line="1280" status="run" result="completed" time="0" timestamp="2025-05-16T00:22:02.904" classname="SelectionCollectionDataTest" />
    <testcase name="HandlesKeywordOfPositionsInArithmetic" file="/home/yongsang/Research/PSID_server_room/GROMACS/gromacs-2025.2/src/gromacs/selection/tests/selectioncollection.cpp" line="1287" status="run" result="completed" time="0" timestamp="2025-05-16T00:22:02.904" classname="SelectionCollectionDataTest" />
    <testcase name="HandlesNumericComparisons" file="/home/yongsang/Research/PSID_server_room/GROMACS/gromacs-2025.2/src/gromacs/selection/tests/selectioncollection.cpp" line="1295" status="run" result="completed" time="0" timestamp="2025-05-16T00:22:02.904" classname="SelectionCollectionDataTest" />
    <testcase name="HandlesArithmeticExpressions" file="/home/yongsang/Research/PSID_server_room/GROMACS/gromacs-2025.2/src/gromacs/selection/tests/selectioncollection.cpp" line="1305" status="run" result="completed" time="0" timestamp="2025-05-16T00:22:02.904" classname="SelectionCollectionDataTest" />
    <testcase name="HandlesNumericVariables" file="/home/yongsang/Research/PSID_server_room/GROMACS/gromacs-2025.2/src/gromacs/selection/tests/selectioncollection.cpp" line="1313" status="run" result="completed" time="0" timestamp="2025-05-16T00:22:02.905" classname="SelectionCollectionDataTest" />
    <testcase name="HandlesComplexNumericVariables" file="/home/yongsang/Research/PSID_server_room/GROMACS/gromacs-2025.2/src/gromacs/selection/tests/selectioncollection.cpp" line="1323" status="run" result="completed" time="0" timestamp="2025-05-16T00:22:02.905" classname="SelectionCollectionDataTest" />
    <testcase name="HandlesPositionVariables" file="/home/yongsang/Research/PSID_server_room/GROMACS/gromacs-2025.2/src/gromacs/selection/tests/selectioncollection.cpp" line="1334" status="run" result="completed" time="0" timestamp="2025-05-16T00:22:02.906" classname="SelectionCollectionDataTest" />
    <testcase name="HandlesPositionVariableInModifier" file="/home/yongsang/Research/PSID_server_room/GROMACS/gromacs-2025.2/src/gromacs/selection/tests/selectioncollection.cpp" line="1345" status="run" result="completed" time="0" timestamp="2025-05-16T00:22:02.906" classname="SelectionCollectionDataTest" />
    <testcase name="HandlesConstantPositionInVariable" file="/home/yongsang/Research/PSID_server_room/GROMACS/gromacs-2025.2/src/gromacs/selection/tests/selectioncollection.cpp" line="1355" status="run" result="completed" time="0" timestamp="2025-05-16T00:22:02.906" classname="SelectionCollectionDataTest" />
    <testcase name="HandlesNumericConstantsInVariables" file="/home/yongsang/Research/PSID_server_room/GROMACS/gromacs-2025.2/src/gromacs/selection/tests/selectioncollection.cpp" line="1365" status="run" result="completed" time="0" timestamp="2025-05-16T00:22:02.907" classname="SelectionCollectionDataTest" />
    <testcase name="HandlesBooleanStaticAnalysis" file="/home/yongsang/Research/PSID_server_room/GROMACS/gromacs-2025.2/src/gromacs/selection/tests/selectioncollection.cpp" line="1381" status="run" result="completed" time="0" timestamp="2025-05-16T00:22:02.907" classname="SelectionCollectionDataTest" />
    <testcase name="HandlesBooleanStaticAnalysisWithVariables" file="/home/yongsang/Research/PSID_server_room/GROMACS/gromacs-2025.2/src/gromacs/selection/tests/selectioncollection.cpp" line="1394" status="run" result="completed" time="0" timestamp="2025-05-16T00:22:02.907" classname="SelectionCollectionDataTest" />
    <testcase name="HandlesBooleanStaticAnalysisWithMoreVariables" file="/home/yongsang/Research/PSID_server_room/GROMACS/gromacs-2025.2/src/gromacs/selection/tests/selectioncollection.cpp" line="1404" status="run" result="completed" time="0" timestamp="2025-05-16T00:22:02.908" classname="SelectionCollectionDataTest" />
    <testcase name="HandlesUnusedVariables" file="/home/yongsang/Research/PSID_server_room/GROMACS/gromacs-2025.2/src/gromacs/selection/tests/selectioncollection.cpp" line="1423" status="run" result="completed" time="0" timestamp="2025-05-16T00:22:02.908" classname="SelectionCollectionDataTest" />
    <testcase name="HandlesVariablesWithStaticEvaluationGroups" file="/home/yongsang/Research/PSID_server_room/GROMACS/gromacs-2025.2/src/gromacs/selection/tests/selectioncollection.cpp" line="1433" status="run" result="completed" time="0" timestamp="2025-05-16T00:22:02.908" classname="SelectionCollectionDataTest" />
    <testcase name="HandlesVariablesWithMixedEvaluationGroups" file="/home/yongsang/Research/PSID_server_room/GROMACS/gromacs-2025.2/src/gromacs/selection/tests/selectioncollection.cpp" line="1442" status="run" result="completed" time="0" timestamp="2025-05-16T00:22:02.908" classname="SelectionCollectionDataTest" />
    <testcase name="HandlesVariablesWithMixedEvaluationGroups2" file="/home/yongsang/Research/PSID_server_room/GROMACS/gromacs-2025.2/src/gromacs/selection/tests/selectioncollection.cpp" line="1451" status="run" result="completed" time="0" timestamp="2025-05-16T00:22:02.908" classname="SelectionCollectionDataTest" />
    <testcase name="CopiedSelectionWorksPreCompilation" file="/home/yongsang/Research/PSID_server_room/GROMACS/gromacs-2025.2/src/gromacs/selection/tests/selectioncollection.cpp" line="1466" status="run" result="completed" time="0" timestamp="2025-05-16T00:22:02.909" classname="SelectionCollectionDataTest" />
    <testcase name="CopiedSelectionWorksPostCompilation" file="/home/yongsang/Research/PSID_server_room/GROMACS/gromacs-2025.2/src/gromacs/selection/tests/selectioncollection.cpp" line="1496" status="run" result="completed" time="0" timestamp="2025-05-16T00:22:02.909" classname="SelectionCollectionDataTest" />
    <testcase name="CopiedSelectionsAreIndependent" file="/home/yongsang/Research/PSID_server_room/GROMACS/gromacs-2025.2/src/gromacs/selection/tests/selectioncollection.cpp" line="1527" status="run" result="completed" time="0" timestamp="2025-05-16T00:22:02.910" classname="SelectionCollectionDataTest" />
    <testcase name="CopiedSelectionWithIndexPostCompilation" file="/home/yongsang/Research/PSID_server_room/GROMACS/gromacs-2025.2/src/gromacs/selection/tests/selectioncollection.cpp" line="1545" status="run" result="completed" time="0" timestamp="2025-05-16T00:22:02.911" classname="SelectionCollectionDataTest" />
  </testsuite>
  <testsuite name="SelectionOptionTest" tests="17" failures="0" disabled="0" skipped="0" errors="0" time="0.001" timestamp="2025-05-16T00:22:02.911">
    <testcase name="ParsesSimpleSelection" file="/home/yongsang/Research/PSID_server_room/GROMACS/gromacs-2025.2/src/gromacs/selection/tests/selectionoption.cpp" line="111" status="run" result="completed" time="0" timestamp="2025-05-16T00:22:02.911" classname="SelectionOptionTest" />
    <testcase name="HandlesDynamicSelectionWhenStaticRequired" file="/home/yongsang/Research/PSID_server_room/GROMACS/gromacs-2025.2/src/gromacs/selection/tests/selectionoption.cpp" line="129" status="run" result="completed" time="0" timestamp="2025-05-16T00:22:02.911" classname="SelectionOptionTest" />
    <testcase name="HandlesNonAtomicSelectionWhenAtomsRequired" file="/home/yongsang/Research/PSID_server_room/GROMACS/gromacs-2025.2/src/gromacs/selection/tests/selectionoption.cpp" line="145" status="run" result="completed" time="0" timestamp="2025-05-16T00:22:02.911" classname="SelectionOptionTest" />
    <testcase name="ChecksForSortedAtomsWhenRequired" file="/home/yongsang/Research/PSID_server_room/GROMACS/gromacs-2025.2/src/gromacs/selection/tests/selectionoption.cpp" line="164" status="run" result="completed" time="0" timestamp="2025-05-16T00:22:02.912" classname="SelectionOptionTest" />
    <testcase name="ChecksEmptySelections" file="/home/yongsang/Research/PSID_server_room/GROMACS/gromacs-2025.2/src/gromacs/selection/tests/selectionoption.cpp" line="183" status="run" result="completed" time="0" timestamp="2025-05-16T00:22:02.912" classname="SelectionOptionTest" />
    <testcase name="ChecksEmptyDelayedSelections" file="/home/yongsang/Research/PSID_server_room/GROMACS/gromacs-2025.2/src/gromacs/selection/tests/selectionoption.cpp" line="201" status="run" result="completed" time="0" timestamp="2025-05-16T00:22:02.912" classname="SelectionOptionTest" />
    <testcase name="HandlesTooManySelections" file="/home/yongsang/Research/PSID_server_room/GROMACS/gromacs-2025.2/src/gromacs/selection/tests/selectionoption.cpp" line="219" status="run" result="completed" time="0" timestamp="2025-05-16T00:22:02.912" classname="SelectionOptionTest" />
    <testcase name="HandlesTooFewSelections" file="/home/yongsang/Research/PSID_server_room/GROMACS/gromacs-2025.2/src/gromacs/selection/tests/selectionoption.cpp" line="236" status="run" result="completed" time="0" timestamp="2025-05-16T00:22:02.912" classname="SelectionOptionTest" />
    <testcase name="HandlesDefaultSelectionText" file="/home/yongsang/Research/PSID_server_room/GROMACS/gromacs-2025.2/src/gromacs/selection/tests/selectionoption.cpp" line="252" status="run" result="completed" time="0" timestamp="2025-05-16T00:22:02.912" classname="SelectionOptionTest" />
    <testcase name="HandlesAdjuster" file="/home/yongsang/Research/PSID_server_room/GROMACS/gromacs-2025.2/src/gromacs/selection/tests/selectionoption.cpp" line="269" status="run" result="completed" time="0" timestamp="2025-05-16T00:22:02.912" classname="SelectionOptionTest" />
    <testcase name="HandlesDynamicWhenStaticRequiredWithAdjuster" file="/home/yongsang/Research/PSID_server_room/GROMACS/gromacs-2025.2/src/gromacs/selection/tests/selectionoption.cpp" line="288" status="run" result="completed" time="0" timestamp="2025-05-16T00:22:02.912" classname="SelectionOptionTest" />
    <testcase name="HandlesTooManySelectionsWithAdjuster" file="/home/yongsang/Research/PSID_server_room/GROMACS/gromacs-2025.2/src/gromacs/selection/tests/selectionoption.cpp" line="305" status="run" result="completed" time="0" timestamp="2025-05-16T00:22:02.912" classname="SelectionOptionTest" />
    <testcase name="HandlesTooFewSelectionsWithAdjuster" file="/home/yongsang/Research/PSID_server_room/GROMACS/gromacs-2025.2/src/gromacs/selection/tests/selectionoption.cpp" line="324" status="run" result="completed" time="0" timestamp="2025-05-16T00:22:02.912" classname="SelectionOptionTest" />
    <testcase name="HandlesDelayedRequiredSelection" file="/home/yongsang/Research/PSID_server_room/GROMACS/gromacs-2025.2/src/gromacs/selection/tests/selectionoption.cpp" line="342" status="run" result="completed" time="0" timestamp="2025-05-16T00:22:02.913" classname="SelectionOptionTest" />
    <testcase name="HandlesTooFewDelayedRequiredSelections" file="/home/yongsang/Research/PSID_server_room/GROMACS/gromacs-2025.2/src/gromacs/selection/tests/selectionoption.cpp" line="357" status="run" result="completed" time="0" timestamp="2025-05-16T00:22:02.913" classname="SelectionOptionTest" />
    <testcase name="HandlesDelayedOptionalSelection" file="/home/yongsang/Research/PSID_server_room/GROMACS/gromacs-2025.2/src/gromacs/selection/tests/selectionoption.cpp" line="371" status="run" result="completed" time="0" timestamp="2025-05-16T00:22:02.913" classname="SelectionOptionTest" />
    <testcase name="HandlesDelayedSelectionWithAdjuster" file="/home/yongsang/Research/PSID_server_room/GROMACS/gromacs-2025.2/src/gromacs/selection/tests/selectionoption.cpp" line="388" status="run" result="completed" time="0" timestamp="2025-05-16T00:22:02.913" classname="SelectionOptionTest" />
  </testsuite>
  <testsuite name="SelectionFileOptionTest" tests="9" failures="0" disabled="0" skipped="0" errors="0" time="0" timestamp="2025-05-16T00:22:02.913">
    <testcase name="HandlesSingleSelectionOptionFromFile" file="/home/yongsang/Research/PSID_server_room/GROMACS/gromacs-2025.2/src/gromacs/selection/tests/selectionoption.cpp" line="422" status="run" result="completed" time="0" timestamp="2025-05-16T00:22:02.913" classname="SelectionFileOptionTest" />
    <testcase name="HandlesTwoSeparateSelectionOptions" file="/home/yongsang/Research/PSID_server_room/GROMACS/gromacs-2025.2/src/gromacs/selection/tests/selectionoption.cpp" line="449" status="run" result="completed" time="0" timestamp="2025-05-16T00:22:02.913" classname="SelectionFileOptionTest" />
    <testcase name="HandlesTwoSelectionOptionsFromSingleFile" file="/home/yongsang/Research/PSID_server_room/GROMACS/gromacs-2025.2/src/gromacs/selection/tests/selectionoption.cpp" line="483" status="run" result="completed" time="0" timestamp="2025-05-16T00:22:02.913" classname="SelectionFileOptionTest" />
    <testcase name="HandlesRequiredOptionFromFile" file="/home/yongsang/Research/PSID_server_room/GROMACS/gromacs-2025.2/src/gromacs/selection/tests/selectionoption.cpp" line="512" status="run" result="completed" time="0" timestamp="2025-05-16T00:22:02.913" classname="SelectionFileOptionTest" />
    <testcase name="HandlesRequiredOptionFromFileWithOtherOptionSet" file="/home/yongsang/Research/PSID_server_room/GROMACS/gromacs-2025.2/src/gromacs/selection/tests/selectionoption.cpp" line="542" status="run" result="completed" time="0" timestamp="2025-05-16T00:22:02.913" classname="SelectionFileOptionTest" />
    <testcase name="HandlesTwoRequiredOptionsFromSingleFile" file="/home/yongsang/Research/PSID_server_room/GROMACS/gromacs-2025.2/src/gromacs/selection/tests/selectionoption.cpp" line="572" status="run" result="completed" time="0" timestamp="2025-05-16T00:22:02.913" classname="SelectionFileOptionTest" />
    <testcase name="GivesErrorWithNoFile" file="/home/yongsang/Research/PSID_server_room/GROMACS/gromacs-2025.2/src/gromacs/selection/tests/selectionoption.cpp" line="597" status="run" result="completed" time="0" timestamp="2025-05-16T00:22:02.913" classname="SelectionFileOptionTest" />
    <testcase name="GivesErrorWithNonExistentFile" file="/home/yongsang/Research/PSID_server_room/GROMACS/gromacs-2025.2/src/gromacs/selection/tests/selectionoption.cpp" line="614" status="run" result="completed" time="0" timestamp="2025-05-16T00:22:02.913" classname="SelectionFileOptionTest" />
    <testcase name="GivesErrorWithMultipleFiles" file="/home/yongsang/Research/PSID_server_room/GROMACS/gromacs-2025.2/src/gromacs/selection/tests/selectionoption.cpp" line="635" status="run" result="completed" time="0" timestamp="2025-05-16T00:22:02.914" classname="SelectionFileOptionTest" />
  </testsuite>
</testsuites>
